INFO - 
INFO - Branch: master
INFO - Hash: c2a71ac
INFO - ---------------------------
INFO - Working on: /Users/jaklusmeyer/code/NMSU/SONG/pyodine/tutorial_data/sigdra_obs_tutorial/s1_2015-05-07T03-29-19_ext.fits
INFO - 
INFO - Median flux of the observation: 12066
INFO - Loading template from file: /Users/jaklusmeyer/code/NMSU/SONG/pyodine/tutorial_data/temp_results/temp_sigdra_2018-05-16.h5
INFO - 
INFO - Order correction: -1
INFO - 
INFO - Measured velocity rel. to reference spectrum: 26.070 km/s
INFO - Template velocity: 25.136 km/s
INFO - Velocity guess: 0.934 km/s (relative to template)

INFO - (Barycentric velocity of observation: 1.279 km/s)
INFO - (Barycentric velocity of template: 2.026 km/s)

INFO - 
INFO - Barycentric redshift between template and observation: 
INFO - v = 746.8742999999997, z = 2.491304501062531e-06

INFO - 
INFO - Total number of chunks: 528
INFO - Nr. chunks in order 0: 22
INFO - First and last covered pixel of chunks in order 0: 2, 2003
INFO - Orders: 17 - 40 (24 in total)
INFO - 
INFO - ----------------------
INFO - RUN 0
INFO - ----------------------
INFO - 
INFO - Constraining parameters for RUN 0
INFO - 
INFO - Number of chunks with no uncertainties: 0
INFO - Number of chunks with outliers: 0
INFO - Number of chunks with nan fitted red. Chi2: 0
INFO - 
INFO - Creating analysis plots...
INFO - 
INFO - ----------------------
INFO - RUN 1
INFO - ----------------------
INFO - 
INFO - Constraining parameters for RUN 1
INFO - 
INFO - Fitted LSF parameters:
INFO - <ParameterSet (values: 10)>
    left_1  =  8.925068335113325
    left_2  =  -8.925202095043918
    left_3  =  4.3777605432203535
    left_4  =  -1.5046930746155387
    left_5  =  0.4076950825943731
    right1  =  8.92506838161985
    right2  =  -8.925202123034806
    right3  =  4.377760556630216
    right4  =  -1.5046930787510897
    right5  =  0.4076950836600396
INFO - 
INFO - Number of chunks with no uncertainties: 5
INFO - Number of chunks with outliers: 0
INFO - Number of chunks with nan fitted red. Chi2: 0
INFO - 
INFO - Creating analysis plots...
INFO - Velocity robust mean: 803.3085848524471
INFO - Velocity robust std: 223.81036249458558
INFO - 
INFO - Velocity error robust mean: 82.0492516952889
INFO - Velocity error robust std: 68.17682234264832
INFO - 
INFO - Minimum error: 24.060593657391486 in chunk 79
INFO - Maximum error: 5505.2320540725805 in chunk 439
INFO - 
INFO - Chunks with nan velocities: []
INFO - Chunks with nan velocity errors: [219 329 371 436 496]
INFO - Velocity error at percentile 80: 204.75423689035617
INFO - 
INFO - Time to model this observation: 173.73100304603577
INFO - 
INFO - Branch: master
INFO - Hash: c2a71ac
INFO - ---------------------------
INFO - Working on: /Users/jaklusmeyer/code/NMSU/SONG/pyodine/tutorial_data/sigdra_obs_tutorial/s1_2015-05-07T03-29-19_ext.fits
INFO - 
INFO - Median flux of the observation: 12066
INFO - Loading template from file: /Users/jaklusmeyer/code/NMSU/SONG/pyodine/tutorial_data/temp_results/temp_sigdra_2018-05-16.h5
INFO - 
INFO - Order correction: -1
INFO - 
INFO - Measured velocity rel. to reference spectrum: 26.070 km/s
INFO - Template velocity: 25.136 km/s
INFO - Velocity guess: 0.934 km/s (relative to template)

INFO - (Barycentric velocity of observation: 1.279 km/s)
INFO - (Barycentric velocity of template: 2.026 km/s)

INFO - 
INFO - Barycentric redshift between template and observation: 
INFO - v = 746.8742999999997, z = 2.491304501062531e-06

INFO - 
INFO - Total number of chunks: 528
INFO - Nr. chunks in order 0: 22
INFO - First and last covered pixel of chunks in order 0: 2, 2003
INFO - Orders: 17 - 40 (24 in total)
INFO - 
INFO - ----------------------
INFO - RUN 0
INFO - ----------------------
INFO - 
INFO - Constraining parameters for RUN 0
INFO - 
INFO - Number of chunks with no uncertainties: 0
INFO - Number of chunks with outliers: 0
INFO - Number of chunks with nan fitted red. Chi2: 0
INFO - 
INFO - Creating analysis plots...
INFO - 
INFO - ----------------------
INFO - RUN 1
INFO - ----------------------
INFO - 
INFO - Constraining parameters for RUN 1
INFO - 
INFO - Fitted LSF parameters:
INFO - <ParameterSet (values: 10)>
    left_1  =  8.925068335113325
    left_2  =  -8.925202095043918
    left_3  =  4.3777605432203535
    left_4  =  -1.5046930746155387
    left_5  =  0.4076950825943731
    right1  =  8.92506838161985
    right2  =  -8.925202123034806
    right3  =  4.377760556630216
    right4  =  -1.5046930787510897
    right5  =  0.4076950836600396
INFO - 
INFO - Number of chunks with no uncertainties: 5
INFO - Number of chunks with outliers: 0
INFO - Number of chunks with nan fitted red. Chi2: 0
INFO - 
INFO - Creating analysis plots...
INFO - Velocity robust mean: 803.3085848524471
INFO - Velocity robust std: 223.81036249458558
INFO - 
INFO - Velocity error robust mean: 82.0492516952889
INFO - Velocity error robust std: 68.17682234264832
INFO - 
INFO - Minimum error: 24.060593657391486 in chunk 79
INFO - Maximum error: 5505.2320540725805 in chunk 439
INFO - 
INFO - Chunks with nan velocities: []
INFO - Chunks with nan velocity errors: [219 329 371 436 496]
INFO - Velocity error at percentile 80: 204.75423689035617
INFO - 
INFO - Time to model this observation: 172.22410893440247
INFO - 
INFO - Branch: master
INFO - Hash: c2a71ac
INFO - ---------------------------
INFO - Working on: /Users/jaklusmeyer/code/NMSU/SONG/pyodine/tutorial_data/sigdra_obs_tutorial/s1_2015-05-07T03-29-19_ext.fits
INFO - 
INFO - Median flux of the observation: 12066
INFO - Loading template from file: /Users/jaklusmeyer/code/NMSU/SONG/pyodine/tutorial_data/temp_results/temp_sigdra_2018-05-16.h5
INFO - 
INFO - Order correction: -1
INFO - 
INFO - Measured velocity rel. to reference spectrum: 26.070 km/s
INFO - Template velocity: 25.136 km/s
INFO - Velocity guess: 0.934 km/s (relative to template)

INFO - (Barycentric velocity of observation: 1.279 km/s)
INFO - (Barycentric velocity of template: 2.026 km/s)

INFO - 
INFO - Barycentric redshift between template and observation: 
INFO - v = 746.8742999999997, z = 2.491304501062531e-06

INFO - 
INFO - Total number of chunks: 528
INFO - Nr. chunks in order 0: 22
INFO - First and last covered pixel of chunks in order 0: 2, 2003
INFO - Orders: 17 - 40 (24 in total)
INFO - 
INFO - ----------------------
INFO - RUN 0
INFO - ----------------------
INFO - 
INFO - Constraining parameters for RUN 0
INFO - 
INFO - Number of chunks with no uncertainties: 0
INFO - Number of chunks with outliers: 0
INFO - Number of chunks with nan fitted red. Chi2: 0
INFO - 
INFO - Creating analysis plots...
INFO - 
INFO - ----------------------
INFO - RUN 1
INFO - ----------------------
INFO - 
INFO - Constraining parameters for RUN 1
INFO - 
INFO - Fitted LSF parameters:
INFO - <ParameterSet (values: 10)>
    left_1  =  8.925068335113325
    left_2  =  -8.925202095043918
    left_3  =  4.3777605432203535
    left_4  =  -1.5046930746155387
    left_5  =  0.4076950825943731
    right1  =  8.92506838161985
    right2  =  -8.925202123034806
    right3  =  4.377760556630216
    right4  =  -1.5046930787510897
    right5  =  0.4076950836600396
INFO - 
INFO - Number of chunks with no uncertainties: 5
INFO - Number of chunks with outliers: 0
INFO - Number of chunks with nan fitted red. Chi2: 0
INFO - 
INFO - Creating analysis plots...
INFO - Velocity robust mean: 803.3085848524471
INFO - Velocity robust std: 223.81036249458558
INFO - 
INFO - Velocity error robust mean: 82.0492516952889
INFO - Velocity error robust std: 68.17682234264832
INFO - 
INFO - Minimum error: 24.060593657391486 in chunk 79
INFO - Maximum error: 5505.2320540725805 in chunk 439
INFO - 
INFO - Chunks with nan velocities: []
INFO - Chunks with nan velocity errors: [219 329 371 436 496]
INFO - Velocity error at percentile 80: 204.75423689035617
INFO - 
INFO - Time to model this observation: 211.17600297927856
