INFO - 
INFO - Branch: liveversion
INFO - Hash: 19620dc
INFO - ---------------------------
INFO - Working on: /home/paul/pyodine/tutorial_data/sigdra_obs_tutorial/s1_2015-05-06T03-54-42_ext.fits
INFO - 
INFO - Median flux of the observation: 14963
INFO - Loading template from file: /home/paul/pyodine/tutorial_data/temp_results/temp_sigdra_2018-05-16.h5
INFO - 
INFO - Order correction: -1
INFO - 
INFO - Measured velocity rel. to reference spectrum: 26.214 km/s
INFO - Template velocity: 25.136 km/s
INFO - Velocity guess: 1.078 km/s (relative to template)

INFO - (Barycentric velocity of observation: 1.192 km/s)
INFO - (Barycentric velocity of template: 2.026 km/s)

INFO - 
INFO - Barycentric redshift between template and observation: 
INFO - v = 833.7517999999998, z = 2.7810966478683055e-06

INFO - 
INFO - Total number of chunks: 528
INFO - Nr. chunks in order 0: 22
INFO - First and last covered pixel of chunks in order 0: 3, 2003
INFO - Orders: 17 - 40 (24 in total)
INFO - 
INFO - ----------------------
INFO - RUN 0
INFO - ----------------------
INFO - 
INFO - Constraining parameters for RUN 0
INFO - 
INFO - Number of chunks with no uncertainties: 1
INFO - Number of chunks with outliers: 0
INFO - Number of chunks with nan fitted red. Chi2: 0
INFO - 
INFO - Creating analysis plots...
INFO - 
INFO - ----------------------
INFO - RUN 1
INFO - ----------------------
INFO - 
INFO - Constraining parameters for RUN 1
INFO - 
INFO - Fitted LSF parameters:
INFO - <ParameterSet (values: 10)>
    left_1  =  8.800615813606312
    left_2  =  -8.917636135966923
    left_3  =  4.363058615918862
    left_4  =  -1.501804708524987
    left_5  =  0.4069807277026156
    right1  =  8.800603567547197
    right2  =  -8.917628786006679
    right3  =  4.3630554961185615
    right4  =  -1.5018038832238532
    right5  =  0.4069805451489409
INFO - 
INFO - Number of chunks with no uncertainties: 0
INFO - Number of chunks with outliers: 0
INFO - Number of chunks with nan fitted red. Chi2: 0
INFO - 
INFO - Creating analysis plots...
INFO - Velocity robust mean: 890.6123201734921
INFO - Velocity robust std: 212.2017704082132
INFO - 
INFO - Velocity error robust mean: 77.25189450376364
INFO - Velocity error robust std: 67.53989370040101
INFO - 
INFO - Minimum error: 24.19695817376984 in chunk 253
INFO - Maximum error: 1822.9688999970208 in chunk 466
INFO - 
INFO - Chunks with nan velocities: []
INFO - Chunks with nan velocity errors: []
INFO - Velocity error at percentile 80: 190.7195377957483
INFO - 
INFO - Time to model this observation: 308.8662738800049
