INFO - 
INFO - Branch: liveversion
INFO - Hash: 19620dc
INFO - ---------------------------
INFO - Working on: /home/paul/pyodine/tutorial_data/sigdra_obs_tutorial/s1_2015-05-05T04-27-05_ext.fits
INFO - 
INFO - Median flux of the observation: 16310
INFO - Loading template from file: /home/paul/pyodine/tutorial_data/temp_results/temp_sigdra_2018-05-16.h5
INFO - 
INFO - Order correction: -1
INFO - 
INFO - Measured velocity rel. to reference spectrum: 26.922 km/s
INFO - Template velocity: 25.136 km/s
INFO - Velocity guess: 1.785 km/s (relative to template)

INFO - (Barycentric velocity of observation: 1.100 km/s)
INFO - (Barycentric velocity of template: 2.026 km/s)

INFO - 
INFO - Barycentric redshift between template and observation: 
INFO - v = 925.1880999999996, z = 3.086095314645973e-06

INFO - 
INFO - Total number of chunks: 528
INFO - Nr. chunks in order 0: 22
INFO - First and last covered pixel of chunks in order 0: 3, 2003
INFO - Orders: 17 - 40 (24 in total)
INFO - 
INFO - ----------------------
INFO - RUN 0
INFO - ----------------------
INFO - 
INFO - Constraining parameters for RUN 0
INFO - 
INFO - Number of chunks with no uncertainties: 0
INFO - Number of chunks with outliers: 0
INFO - Number of chunks with nan fitted red. Chi2: 0
INFO - 
INFO - Creating analysis plots...
INFO - 
INFO - ----------------------
INFO - RUN 1
INFO - ----------------------
INFO - 
INFO - Constraining parameters for RUN 1
INFO - 
INFO - Fitted LSF parameters:
INFO - <ParameterSet (values: 10)>
    left_1  =  8.84855915398607
    left_2  =  -8.921687589726794
    left_3  =  4.36857279543838
    left_4  =  -1.502950143338241
    left_5  =  0.40726199736471846
    right1  =  8.848556563585083
    right2  =  -8.921683677921953
    right3  =  4.368569666653613
    right4  =  -1.502948402230866
    right5  =  0.4072613917075319
INFO - 
INFO - Number of chunks with no uncertainties: 1
INFO - Number of chunks with outliers: 0
INFO - Number of chunks with nan fitted red. Chi2: 0
INFO - 
INFO - Creating analysis plots...
INFO - Velocity robust mean: 988.8574947276102
INFO - Velocity robust std: 215.01514559968336
INFO - 
INFO - Velocity error robust mean: 77.35695986544398
INFO - Velocity error robust std: 66.97613967518977
INFO - 
INFO - Minimum error: 25.082488018543227 in chunk 253
INFO - Maximum error: 4719.287517119271 in chunk 479
INFO - 
INFO - Chunks with nan velocities: []
INFO - Chunks with nan velocity errors: [395]
INFO - Velocity error at percentile 80: 205.99134349670746
INFO - 
INFO - Time to model this observation: 313.39058232307434
