INFO - 
INFO - Branch: liveversion
INFO - Hash: 19620dc
INFO - ---------------------------
INFO - Working on: /home/paul/pyodine/tutorial_data/sigdra_obs_tutorial/s1_2015-05-04T04-24-11_ext.fits
INFO - 
INFO - Median flux of the observation: 22640
INFO - Loading template from file: /home/paul/pyodine/tutorial_data/temp_results/temp_sigdra_2018-05-16.h5
INFO - 
INFO - Order correction: -1
INFO - 
INFO - Measured velocity rel. to reference spectrum: 26.596 km/s
INFO - Template velocity: 25.136 km/s
INFO - Velocity guess: 1.460 km/s (relative to template)

INFO - (Barycentric velocity of observation: 1.027 km/s)
INFO - (Barycentric velocity of template: 2.026 km/s)

INFO - 
INFO - Barycentric redshift between template and observation: 
INFO - v = 998.4907999999998, z = 3.330606802656789e-06

INFO - 
INFO - Total number of chunks: 528
INFO - Nr. chunks in order 0: 22
INFO - First and last covered pixel of chunks in order 0: 3, 2003
INFO - Orders: 17 - 40 (24 in total)
INFO - 
INFO - ----------------------
INFO - RUN 0
INFO - ----------------------
INFO - 
INFO - Constraining parameters for RUN 0
INFO - 
INFO - Number of chunks with no uncertainties: 0
INFO - Number of chunks with outliers: 0
INFO - Number of chunks with nan fitted red. Chi2: 0
INFO - 
INFO - Creating analysis plots...
INFO - 
INFO - ----------------------
INFO - RUN 1
INFO - ----------------------
INFO - 
INFO - Constraining parameters for RUN 1
INFO - 
INFO - Fitted LSF parameters:
INFO - <ParameterSet (values: 10)>
    left_1  =  8.725153480477358
    left_2  =  -8.908533511310221
    left_3  =  4.354628209704078
    left_4  =  -1.4999384318022249
    left_5  =  0.40652651795008193
    right1  =  8.725150152933834
    right2  =  -8.90853069959702
    right3  =  4.354626553220245
    right4  =  -1.4999376890619482
    right5  =  0.40652627936449465
INFO - 
INFO - Number of chunks with no uncertainties: 0
INFO - Number of chunks with outliers: 0
INFO - Number of chunks with nan fitted red. Chi2: 0
INFO - 
INFO - Creating analysis plots...
INFO - Velocity robust mean: 1053.5996944988258
INFO - Velocity robust std: 223.35953589949386
INFO - 
INFO - Velocity error robust mean: 68.8593014214097
INFO - Velocity error robust std: 63.04152529412775
INFO - 
INFO - Minimum error: 17.454253112595485 in chunk 81
INFO - Maximum error: 2647.1012424162427 in chunk 437
INFO - 
INFO - Chunks with nan velocities: []
INFO - Chunks with nan velocity errors: []
INFO - Velocity error at percentile 80: 200.71815325812895
INFO - 
INFO - Time to model this observation: 301.4064998626709
