INFO - 
INFO - Branch: liveversion
INFO - Hash: 19620dc
INFO - ---------------------------
INFO - Working on: /home/paul/pyodine/tutorial_data/sigdra_obs_tutorial/s1_2015-05-05T04-33-08_ext.fits
INFO - 
INFO - Median flux of the observation: 12280
INFO - Loading template from file: /home/paul/pyodine/tutorial_data/temp_results/temp_sigdra_2018-05-16.h5
INFO - 
INFO - Order correction: -1
INFO - 
INFO - Measured velocity rel. to reference spectrum: 26.837 km/s
INFO - Template velocity: 25.136 km/s
INFO - Velocity guess: 1.701 km/s (relative to template)

INFO - (Barycentric velocity of observation: 1.097 km/s)
INFO - (Barycentric velocity of template: 2.026 km/s)

INFO - 
INFO - Barycentric redshift between template and observation: 
INFO - v = 928.4334999999999, z = 3.0969208037915346e-06

INFO - 
INFO - Total number of chunks: 528
INFO - Nr. chunks in order 0: 22
INFO - First and last covered pixel of chunks in order 0: 3, 2003
INFO - Orders: 17 - 40 (24 in total)
INFO - 
INFO - ----------------------
INFO - RUN 0
INFO - ----------------------
INFO - 
INFO - Constraining parameters for RUN 0
INFO - 
INFO - Number of chunks with no uncertainties: 0
INFO - Number of chunks with outliers: 0
INFO - Number of chunks with nan fitted red. Chi2: 0
INFO - 
INFO - Creating analysis plots...
INFO - 
INFO - ----------------------
INFO - RUN 1
INFO - ----------------------
INFO - 
INFO - Constraining parameters for RUN 1
INFO - 
INFO - Fitted LSF parameters:
INFO - <ParameterSet (values: 10)>
    left_1  =  8.865507815177196
    left_2  =  -8.922789762147387
    left_3  =  4.370562796666345
    left_4  =  -1.5033460898383642
    left_5  =  0.4073596703370221
    right1  =  8.865493377059416
    right2  =  -8.922780915341088
    right3  =  4.370558700182055
    right4  =  -1.5033448463912455
    right5  =  0.4073593546210142
INFO - 
INFO - Number of chunks with no uncertainties: 0
INFO - Number of chunks with outliers: 0
INFO - Number of chunks with nan fitted red. Chi2: 0
INFO - 
INFO - Creating analysis plots...
INFO - Velocity robust mean: 984.3942049602646
INFO - Velocity robust std: 226.553571271498
INFO - 
INFO - Velocity error robust mean: 81.5928211330864
INFO - Velocity error robust std: 69.10380910050209
INFO - 
INFO - Minimum error: 26.965079621476878 in chunk 253
INFO - Maximum error: 2366.2966432155495 in chunk 439
INFO - 
INFO - Chunks with nan velocities: []
INFO - Chunks with nan velocity errors: []
INFO - Velocity error at percentile 80: 209.58212011739377
INFO - 
INFO - Time to model this observation: 316.37753891944885
