INFO - 
INFO - Branch: liveversion
INFO - Hash: 19620dc
INFO - ---------------------------
INFO - Working on: /home/paul/pyodine/tutorial_data/sigdra_obs_tutorial/s1_2015-05-07T03-41-25_ext.fits
INFO - 
INFO - Median flux of the observation: 11232
INFO - Loading template from file: /home/paul/pyodine/tutorial_data/temp_results/temp_sigdra_2018-05-16.h5
INFO - 
INFO - Order correction: -1
INFO - 
INFO - Measured velocity rel. to reference spectrum: 26.095 km/s
INFO - Template velocity: 25.136 km/s
INFO - Velocity guess: 0.959 km/s (relative to template)

INFO - (Barycentric velocity of observation: 1.273 km/s)
INFO - (Barycentric velocity of template: 2.026 km/s)

INFO - 
INFO - Barycentric redshift between template and observation: 
INFO - v = 752.733, z = 2.5108470207079057e-06

INFO - 
INFO - Total number of chunks: 528
INFO - Nr. chunks in order 0: 22
INFO - First and last covered pixel of chunks in order 0: 2, 2003
INFO - Orders: 17 - 40 (24 in total)
INFO - 
INFO - ----------------------
INFO - RUN 0
INFO - ----------------------
INFO - 
INFO - Constraining parameters for RUN 0
INFO - 
INFO - Number of chunks with no uncertainties: 1
INFO - Number of chunks with outliers: 0
INFO - Number of chunks with nan fitted red. Chi2: 0
INFO - 
INFO - Creating analysis plots...
INFO - 
INFO - ----------------------
INFO - RUN 1
INFO - ----------------------
INFO - 
INFO - Constraining parameters for RUN 1
INFO - 
INFO - Fitted LSF parameters:
INFO - <ParameterSet (values: 10)>
    left_1  =  8.868599984391645
    left_2  =  -8.922968559957102
    left_3  =  4.3709276258511816
    left_4  =  -1.5034174537044638
    left_5  =  0.40737730182508475
    right1  =  8.868599068194905
    right2  =  -8.92296907586066
    right3  =  4.370928487520607
    right4  =  -1.5034180986366867
    right5  =  0.4073775470893493
INFO - 
INFO - Number of chunks with no uncertainties: 1
INFO - Number of chunks with outliers: 0
INFO - Number of chunks with nan fitted red. Chi2: 0
INFO - 
INFO - Creating analysis plots...
INFO - Velocity robust mean: 814.7058690232551
INFO - Velocity robust std: 225.6264032825827
INFO - 
INFO - Velocity error robust mean: 83.14464509723314
INFO - Velocity error robust std: 67.81065084570304
INFO - 
INFO - Minimum error: 26.59755625620612 in chunk 119
INFO - Maximum error: 2591.219606351895 in chunk 391
INFO - 
INFO - Chunks with nan velocities: []
INFO - Chunks with nan velocity errors: [373]
INFO - Velocity error at percentile 80: 206.78633090790785
INFO - 
INFO - Time to model this observation: 288.99607372283936
