INFO - 
INFO - Branch: master
INFO - Hash: c2a71ac
INFO - ---------------------------
INFO - Working on: /Users/jaklusmeyer/code/NMSU/SONG/pyodine/tutorial_data/sigdra_obs_tutorial/s1_2015-05-03T04-13-35_ext.fits
INFO - 
INFO - Median flux of the observation: 25727
INFO - Loading template from file: /Users/jaklusmeyer/code/NMSU/SONG/pyodine/tutorial_data/temp_results/temp_sigdra_2018-05-16.h5
INFO - 
INFO - Order correction: -1
INFO - 
INFO - Measured velocity rel. to reference spectrum: 26.564 km/s
INFO - Template velocity: 25.136 km/s
INFO - Velocity guess: 1.427 km/s (relative to template)

INFO - (Barycentric velocity of observation: 0.957 km/s)
INFO - (Barycentric velocity of template: 2.026 km/s)

INFO - 
INFO - Barycentric redshift between template and observation: 
INFO - v = 1068.1439999999998, z = 3.5629448690133486e-06

INFO - 
INFO - Total number of chunks: 528
INFO - Nr. chunks in order 0: 22
INFO - First and last covered pixel of chunks in order 0: 3, 2004
INFO - Orders: 17 - 40 (24 in total)
INFO - 
INFO - ----------------------
INFO - RUN 0
INFO - ----------------------
INFO - 
INFO - Constraining parameters for RUN 0
INFO - 
INFO - Number of chunks with no uncertainties: 0
INFO - Number of chunks with outliers: 0
INFO - Number of chunks with nan fitted red. Chi2: 0
INFO - 
INFO - Creating analysis plots...
INFO - 
INFO - ----------------------
INFO - RUN 1
INFO - ----------------------
INFO - 
INFO - Constraining parameters for RUN 1
INFO - 
INFO - Fitted LSF parameters:
INFO - <ParameterSet (values: 10)>
    left_1  =  8.451798209901128
    left_2  =  -8.916648732442273
    left_3  =  4.356803300386694
    left_4  =  -1.491952218351009
    left_5  =  0.39808539614860156
    right1  =  8.45179833590732
    right2  =  -8.916648823873816
    right3  =  4.356803338738549
    right4  =  -1.491952230336555
    right5  =  0.3980853994208915
INFO - 
INFO - Number of chunks with no uncertainties: 1
INFO - Number of chunks with outliers: 0
INFO - Number of chunks with nan fitted red. Chi2: 0
INFO - 
INFO - Creating analysis plots...
INFO - Velocity robust mean: 1133.6868637922387
INFO - Velocity robust std: 208.8638881081963
INFO - 
INFO - Velocity error robust mean: 67.86653188110098
INFO - Velocity error robust std: 63.49076091357749
INFO - 
INFO - Minimum error: 19.244137774905244 in chunk 81
INFO - Maximum error: 2998.860175574734 in chunk 437
INFO - 
INFO - Chunks with nan velocities: []
INFO - Chunks with nan velocity errors: [175]
INFO - Velocity error at percentile 80: 193.17208348242755
INFO - 
INFO - Time to model this observation: 171.531268119812
INFO - 
INFO - Branch: master
INFO - Hash: c2a71ac
INFO - ---------------------------
INFO - Working on: /Users/jaklusmeyer/code/NMSU/SONG/pyodine/tutorial_data/sigdra_obs_tutorial/s1_2015-05-03T04-13-35_ext.fits
INFO - 
INFO - Median flux of the observation: 25727
INFO - Loading template from file: /Users/jaklusmeyer/code/NMSU/SONG/pyodine/tutorial_data/temp_results/temp_sigdra_2018-05-16.h5
INFO - 
INFO - Order correction: -1
INFO - 
INFO - Measured velocity rel. to reference spectrum: 26.564 km/s
INFO - Template velocity: 25.136 km/s
INFO - Velocity guess: 1.427 km/s (relative to template)

INFO - (Barycentric velocity of observation: 0.957 km/s)
INFO - (Barycentric velocity of template: 2.026 km/s)

INFO - 
INFO - Barycentric redshift between template and observation: 
INFO - v = 1068.1439999999998, z = 3.5629448690133486e-06

INFO - 
INFO - Total number of chunks: 528
INFO - Nr. chunks in order 0: 22
INFO - First and last covered pixel of chunks in order 0: 3, 2004
INFO - Orders: 17 - 40 (24 in total)
INFO - 
INFO - ----------------------
INFO - RUN 0
INFO - ----------------------
INFO - 
INFO - Constraining parameters for RUN 0
INFO - 
INFO - Number of chunks with no uncertainties: 0
INFO - Number of chunks with outliers: 0
INFO - Number of chunks with nan fitted red. Chi2: 0
INFO - 
INFO - Creating analysis plots...
INFO - 
INFO - ----------------------
INFO - RUN 1
INFO - ----------------------
INFO - 
INFO - Constraining parameters for RUN 1
INFO - 
INFO - Fitted LSF parameters:
INFO - <ParameterSet (values: 10)>
    left_1  =  8.451798209901128
    left_2  =  -8.916648732442273
    left_3  =  4.356803300386694
    left_4  =  -1.491952218351009
    left_5  =  0.39808539614860156
    right1  =  8.45179833590732
    right2  =  -8.916648823873816
    right3  =  4.356803338738549
    right4  =  -1.491952230336555
    right5  =  0.3980853994208915
INFO - 
INFO - Number of chunks with no uncertainties: 1
INFO - Number of chunks with outliers: 0
INFO - Number of chunks with nan fitted red. Chi2: 0
INFO - 
INFO - Creating analysis plots...
INFO - Velocity robust mean: 1133.6868637922387
INFO - Velocity robust std: 208.8638881081963
INFO - 
INFO - Velocity error robust mean: 67.86653188110098
INFO - Velocity error robust std: 63.49076091357749
INFO - 
INFO - Minimum error: 19.244137774905244 in chunk 81
INFO - Maximum error: 2998.860175574734 in chunk 437
INFO - 
INFO - Chunks with nan velocities: []
INFO - Chunks with nan velocity errors: [175]
INFO - Velocity error at percentile 80: 193.17208348242755
INFO - 
INFO - Time to model this observation: 174.83806490898132
INFO - 
INFO - Branch: master
INFO - Hash: c2a71ac
INFO - ---------------------------
INFO - Working on: /Users/jaklusmeyer/code/NMSU/SONG/pyodine/tutorial_data/sigdra_obs_tutorial/s1_2015-05-03T04-13-35_ext.fits
INFO - 
INFO - Median flux of the observation: 25727
INFO - Loading template from file: /Users/jaklusmeyer/code/NMSU/SONG/pyodine/tutorial_data/temp_results/temp_sigdra_2018-05-16.h5
INFO - 
INFO - Order correction: -1
INFO - 
INFO - Measured velocity rel. to reference spectrum: 26.564 km/s
INFO - Template velocity: 25.136 km/s
INFO - Velocity guess: 1.427 km/s (relative to template)

INFO - (Barycentric velocity of observation: 0.957 km/s)
INFO - (Barycentric velocity of template: 2.026 km/s)

INFO - 
INFO - Barycentric redshift between template and observation: 
INFO - v = 1068.1439999999998, z = 3.5629448690133486e-06

INFO - 
INFO - Total number of chunks: 528
INFO - Nr. chunks in order 0: 22
INFO - First and last covered pixel of chunks in order 0: 3, 2004
INFO - Orders: 17 - 40 (24 in total)
INFO - 
INFO - ----------------------
INFO - RUN 0
INFO - ----------------------
INFO - 
INFO - Constraining parameters for RUN 0
INFO - 
INFO - Number of chunks with no uncertainties: 0
INFO - Number of chunks with outliers: 0
INFO - Number of chunks with nan fitted red. Chi2: 0
INFO - 
INFO - Creating analysis plots...
INFO - 
INFO - ----------------------
INFO - RUN 1
INFO - ----------------------
INFO - 
INFO - Constraining parameters for RUN 1
INFO - 
INFO - Fitted LSF parameters:
INFO - <ParameterSet (values: 10)>
    left_1  =  8.451798209901128
    left_2  =  -8.916648732442273
    left_3  =  4.356803300386694
    left_4  =  -1.491952218351009
    left_5  =  0.39808539614860156
    right1  =  8.45179833590732
    right2  =  -8.916648823873816
    right3  =  4.356803338738549
    right4  =  -1.491952230336555
    right5  =  0.3980853994208915
INFO - 
INFO - Number of chunks with no uncertainties: 1
INFO - Number of chunks with outliers: 0
INFO - Number of chunks with nan fitted red. Chi2: 0
INFO - 
INFO - Creating analysis plots...
INFO - Velocity robust mean: 1133.6868637922387
INFO - Velocity robust std: 208.8638881081963
INFO - 
INFO - Velocity error robust mean: 67.86653188110098
INFO - Velocity error robust std: 63.49076091357749
INFO - 
INFO - Minimum error: 19.244137774905244 in chunk 81
INFO - Maximum error: 2998.860175574734 in chunk 437
INFO - 
INFO - Chunks with nan velocities: []
INFO - Chunks with nan velocity errors: [175]
INFO - Velocity error at percentile 80: 193.17208348242755
INFO - 
INFO - Time to model this observation: 207.87612676620483
