INFO - 
INFO - Branch: liveversion
INFO - Hash: 19620dc
INFO - ---------------------------
INFO - Working on: /home/paul/pyodine/tutorial_data/sigdra_obs_tutorial/s1_2015-05-06T04-06-47_ext.fits
INFO - 
INFO - Median flux of the observation: 12684
INFO - Loading template from file: /home/paul/pyodine/tutorial_data/temp_results/temp_sigdra_2018-05-16.h5
INFO - 
INFO - Order correction: -1
INFO - 
INFO - Measured velocity rel. to reference spectrum: 26.206 km/s
INFO - Template velocity: 25.136 km/s
INFO - Velocity guess: 1.070 km/s (relative to template)

INFO - (Barycentric velocity of observation: 1.186 km/s)
INFO - (Barycentric velocity of template: 2.026 km/s)

INFO - 
INFO - Barycentric redshift between template and observation: 
INFO - v = 839.9339999999997, z = 2.8017182473616454e-06

INFO - 
INFO - Total number of chunks: 528
INFO - Nr. chunks in order 0: 22
INFO - First and last covered pixel of chunks in order 0: 3, 2003
INFO - Orders: 17 - 40 (24 in total)
INFO - 
INFO - ----------------------
INFO - RUN 0
INFO - ----------------------
INFO - 
INFO - Constraining parameters for RUN 0
INFO - 
INFO - Number of chunks with no uncertainties: 0
INFO - Number of chunks with outliers: 0
INFO - Number of chunks with nan fitted red. Chi2: 0
INFO - 
INFO - Creating analysis plots...
INFO - 
INFO - ----------------------
INFO - RUN 1
INFO - ----------------------
INFO - 
INFO - Constraining parameters for RUN 1
INFO - 
INFO - Fitted LSF parameters:
INFO - <ParameterSet (values: 10)>
    left_1  =  8.802161154078616
    left_2  =  -8.9177910995219
    left_3  =  4.363236140843686
    left_4  =  -1.5018432286634833
    left_5  =  0.4069902490412079
    right1  =  8.80215540517632
    right2  =  -8.917788328011103
    right3  =  4.363235392985901
    right4  =  -1.5018433050825213
    right5  =  0.40699033339221496
INFO - 
INFO - Number of chunks with no uncertainties: 0
INFO - Number of chunks with outliers: 0
INFO - Number of chunks with nan fitted red. Chi2: 0
INFO - 
INFO - Creating analysis plots...
INFO - Velocity robust mean: 898.4714742882434
INFO - Velocity robust std: 211.06552583555998
INFO - 
INFO - Velocity error robust mean: 79.83148964615405
INFO - Velocity error robust std: 67.8444537396422
INFO - 
INFO - Minimum error: 23.882460198859558 in chunk 81
INFO - Maximum error: 3032.142814501857 in chunk 437
INFO - 
INFO - Chunks with nan velocities: []
INFO - Chunks with nan velocity errors: []
INFO - Velocity error at percentile 80: 209.30205920937527
INFO - 
INFO - Time to model this observation: 307.4381511211395
