INFO - 
INFO - Branch: master
INFO - Hash: c2a71ac
INFO - ---------------------------
INFO - Working on: /Users/jaklusmeyer/code/NMSU/SONG/pyodine/tutorial_data/sigdra_obs_tutorial/s1_2015-05-08T04-02-30_ext.fits
INFO - 
INFO - Median flux of the observation: 17215
INFO - Loading template from file: /Users/jaklusmeyer/code/NMSU/SONG/pyodine/tutorial_data/temp_results/temp_sigdra_2018-05-16.h5
INFO - 
INFO - Order correction: -1
INFO - 
INFO - Measured velocity rel. to reference spectrum: 26.035 km/s
INFO - Template velocity: 25.136 km/s
INFO - Velocity guess: 0.898 km/s (relative to template)

INFO - (Barycentric velocity of observation: 1.336 km/s)
INFO - (Barycentric velocity of template: 2.026 km/s)

INFO - 
INFO - Barycentric redshift between template and observation: 
INFO - v = 689.3816999999997, z = 2.299529830066638e-06

INFO - 
INFO - Total number of chunks: 528
INFO - Nr. chunks in order 0: 22
INFO - First and last covered pixel of chunks in order 0: 2, 2003
INFO - Orders: 17 - 40 (24 in total)
INFO - 
INFO - ----------------------
INFO - RUN 0
INFO - ----------------------
INFO - 
INFO - Constraining parameters for RUN 0
INFO - 
INFO - Number of chunks with no uncertainties: 0
INFO - Number of chunks with outliers: 0
INFO - Number of chunks with nan fitted red. Chi2: 0
INFO - 
INFO - Creating analysis plots...
INFO - 
INFO - ----------------------
INFO - RUN 1
INFO - ----------------------
INFO - 
INFO - Constraining parameters for RUN 1
INFO - 
INFO - Fitted LSF parameters:
INFO - <ParameterSet (values: 10)>
    left_1  =  8.848184250588023
    left_2  =  -8.921646561513324
    left_3  =  4.368520597849409
    left_4  =  -1.502937176933691
    left_5  =  0.4072584996760721
    right1  =  8.848184296982355
    right2  =  -8.921646590359257
    right3  =  4.368520611195135
    right4  =  -1.5029371809886185
    right5  =  0.407258500694928
INFO - 
INFO - Number of chunks with no uncertainties: 2
INFO - Number of chunks with outliers: 0
INFO - Number of chunks with nan fitted red. Chi2: 0
INFO - 
INFO - Creating analysis plots...
INFO - Velocity robust mean: 741.0837448063968
INFO - Velocity robust std: 216.30292241028934
INFO - 
INFO - Velocity error robust mean: 74.36528452068669
INFO - Velocity error robust std: 62.99350094139243
INFO - 
INFO - Minimum error: 21.013844294582675 in chunk 119
INFO - Maximum error: 2062.3323593816253 in chunk 400
INFO - 
INFO - Chunks with nan velocities: []
INFO - Chunks with nan velocity errors: [ 92 524]
INFO - Velocity error at percentile 80: 188.3478158704194
INFO - 
INFO - Time to model this observation: 175.4235680103302
INFO - 
INFO - Branch: master
INFO - Hash: c2a71ac
INFO - ---------------------------
INFO - Working on: /Users/jaklusmeyer/code/NMSU/SONG/pyodine/tutorial_data/sigdra_obs_tutorial/s1_2015-05-08T04-02-30_ext.fits
INFO - 
INFO - Median flux of the observation: 17215
INFO - Loading template from file: /Users/jaklusmeyer/code/NMSU/SONG/pyodine/tutorial_data/temp_results/temp_sigdra_2018-05-16.h5
INFO - 
INFO - Order correction: -1
INFO - 
INFO - Measured velocity rel. to reference spectrum: 26.035 km/s
INFO - Template velocity: 25.136 km/s
INFO - Velocity guess: 0.898 km/s (relative to template)

INFO - (Barycentric velocity of observation: 1.336 km/s)
INFO - (Barycentric velocity of template: 2.026 km/s)

INFO - 
INFO - Barycentric redshift between template and observation: 
INFO - v = 689.3816999999997, z = 2.299529830066638e-06

INFO - 
INFO - Total number of chunks: 528
INFO - Nr. chunks in order 0: 22
INFO - First and last covered pixel of chunks in order 0: 2, 2003
INFO - Orders: 17 - 40 (24 in total)
INFO - 
INFO - ----------------------
INFO - RUN 0
INFO - ----------------------
INFO - 
INFO - Constraining parameters for RUN 0
INFO - 
INFO - Number of chunks with no uncertainties: 0
INFO - Number of chunks with outliers: 0
INFO - Number of chunks with nan fitted red. Chi2: 0
INFO - 
INFO - Creating analysis plots...
INFO - 
INFO - ----------------------
INFO - RUN 1
INFO - ----------------------
INFO - 
INFO - Constraining parameters for RUN 1
INFO - 
INFO - Fitted LSF parameters:
INFO - <ParameterSet (values: 10)>
    left_1  =  8.848184250588023
    left_2  =  -8.921646561513324
    left_3  =  4.368520597849409
    left_4  =  -1.502937176933691
    left_5  =  0.4072584996760721
    right1  =  8.848184296982355
    right2  =  -8.921646590359257
    right3  =  4.368520611195135
    right4  =  -1.5029371809886185
    right5  =  0.407258500694928
INFO - 
INFO - Number of chunks with no uncertainties: 2
INFO - Number of chunks with outliers: 0
INFO - Number of chunks with nan fitted red. Chi2: 0
INFO - 
INFO - Creating analysis plots...
INFO - Velocity robust mean: 741.0837448063968
INFO - Velocity robust std: 216.30292241028934
INFO - 
INFO - Velocity error robust mean: 74.36528452068669
INFO - Velocity error robust std: 62.99350094139243
INFO - 
INFO - Minimum error: 21.013844294582675 in chunk 119
INFO - Maximum error: 2062.3323593816253 in chunk 400
INFO - 
INFO - Chunks with nan velocities: []
INFO - Chunks with nan velocity errors: [ 92 524]
INFO - Velocity error at percentile 80: 188.3478158704194
INFO - 
INFO - Time to model this observation: 179.63453197479248
INFO - 
INFO - Branch: master
INFO - Hash: c2a71ac
INFO - ---------------------------
INFO - Working on: /Users/jaklusmeyer/code/NMSU/SONG/pyodine/tutorial_data/sigdra_obs_tutorial/s1_2015-05-08T04-02-30_ext.fits
INFO - 
INFO - Median flux of the observation: 17215
INFO - Loading template from file: /Users/jaklusmeyer/code/NMSU/SONG/pyodine/tutorial_data/temp_results/temp_sigdra_2018-05-16.h5
INFO - 
INFO - Order correction: -1
INFO - 
INFO - Measured velocity rel. to reference spectrum: 26.035 km/s
INFO - Template velocity: 25.136 km/s
INFO - Velocity guess: 0.898 km/s (relative to template)

INFO - (Barycentric velocity of observation: 1.336 km/s)
INFO - (Barycentric velocity of template: 2.026 km/s)

INFO - 
INFO - Barycentric redshift between template and observation: 
INFO - v = 689.3816999999997, z = 2.299529830066638e-06

INFO - 
INFO - Total number of chunks: 528
INFO - Nr. chunks in order 0: 22
INFO - First and last covered pixel of chunks in order 0: 2, 2003
INFO - Orders: 17 - 40 (24 in total)
INFO - 
INFO - ----------------------
INFO - RUN 0
INFO - ----------------------
INFO - 
INFO - Constraining parameters for RUN 0
INFO - 
INFO - Number of chunks with no uncertainties: 0
INFO - Number of chunks with outliers: 0
INFO - Number of chunks with nan fitted red. Chi2: 0
INFO - 
INFO - Creating analysis plots...
INFO - 
INFO - ----------------------
INFO - RUN 1
INFO - ----------------------
INFO - 
INFO - Constraining parameters for RUN 1
INFO - 
INFO - Fitted LSF parameters:
INFO - <ParameterSet (values: 10)>
    left_1  =  8.848184250588023
    left_2  =  -8.921646561513324
    left_3  =  4.368520597849409
    left_4  =  -1.502937176933691
    left_5  =  0.4072584996760721
    right1  =  8.848184296982355
    right2  =  -8.921646590359257
    right3  =  4.368520611195135
    right4  =  -1.5029371809886185
    right5  =  0.407258500694928
INFO - 
INFO - Number of chunks with no uncertainties: 2
INFO - Number of chunks with outliers: 0
INFO - Number of chunks with nan fitted red. Chi2: 0
INFO - 
INFO - Creating analysis plots...
INFO - Velocity robust mean: 741.0837448063968
INFO - Velocity robust std: 216.30292241028934
INFO - 
INFO - Velocity error robust mean: 74.36528452068669
INFO - Velocity error robust std: 62.99350094139243
INFO - 
INFO - Minimum error: 21.013844294582675 in chunk 119
INFO - Maximum error: 2062.3323593816253 in chunk 400
INFO - 
INFO - Chunks with nan velocities: []
INFO - Chunks with nan velocity errors: [ 92 524]
INFO - Velocity error at percentile 80: 188.3478158704194
INFO - 
INFO - Time to model this observation: 212.9770290851593
