INFO - 
INFO - Branch: liveversion
INFO - Hash: 19620dc
INFO - ---------------------------
INFO - Aiming to create template: /home/paul/pyodine/tutorial_data/temp_results/temp_sigdra_2018-05-16.h5
INFO - 
INFO - Hot star observations (5):
INFO - /home/paul/pyodine/tutorial_data/sigdra_template/2018-05-16/obs_ostar/s1_2018-05-17T03-03-16_ext.fits
INFO - /home/paul/pyodine/tutorial_data/sigdra_template/2018-05-16/obs_ostar/s1_2018-05-17T03-05-23_ext.fits
INFO - /home/paul/pyodine/tutorial_data/sigdra_template/2018-05-16/obs_ostar/s1_2018-05-17T03-07-28_ext.fits
INFO - /home/paul/pyodine/tutorial_data/sigdra_template/2018-05-16/obs_ostar/s1_2018-05-17T03-09-33_ext.fits
INFO - /home/paul/pyodine/tutorial_data/sigdra_template/2018-05-16/obs_ostar/s1_2018-05-17T03-11-39_ext.fits
INFO - 
INFO - Stellar template observations (7):
INFO - /home/paul/pyodine/tutorial_data/sigdra_template/2018-05-16/obs_temp/s1_2018-05-17T03-15-36_ext.fits
INFO - /home/paul/pyodine/tutorial_data/sigdra_template/2018-05-16/obs_temp/s1_2018-05-17T03-23-26_ext.fits
INFO - /home/paul/pyodine/tutorial_data/sigdra_template/2018-05-16/obs_temp/s1_2018-05-17T03-31-28_ext.fits
INFO - /home/paul/pyodine/tutorial_data/sigdra_template/2018-05-16/obs_temp/s1_2018-05-17T03-39-17_ext.fits
INFO - /home/paul/pyodine/tutorial_data/sigdra_template/2018-05-16/obs_temp/s1_2018-05-17T03-47-07_ext.fits
INFO - /home/paul/pyodine/tutorial_data/sigdra_template/2018-05-16/obs_temp/s1_2018-05-17T03-54-55_ext.fits
INFO - /home/paul/pyodine/tutorial_data/sigdra_template/2018-05-16/obs_temp/s1_2018-05-17T04-02-59_ext.fits
INFO - 
INFO - Median flux of the summed stellar template observation: 200817
INFO - 
INFO - Orders to use: [18 19 20 21 22 23 24 25 26 27 28 29 30 31 32 33 34 35 36 37 38 39 40 41]
INFO - 
INFO - Velocity guess: 25.136 km/s
INFO - Barycentric velocity: 2.026 km/s
INFO - 
INFO - Saved summed, normalized template observations to:
INFO - /home/paul/pyodine/tutorial_data/temp_results/sigdra_2018-05-16_summed.fits
INFO - 
INFO - Warning! Max. nr. of chunks without cutting down is 21!
INFO - 
INFO - Total number of chunks: 528
INFO - Nr. chunks in order 0: 22
INFO - First and last covered pixel of chunks in order 0: 30, 2031
INFO - Orders: 18 - 41 (24 in total)
INFO - 
INFO - ----------------------
INFO - RUN 0
INFO - ----------------------
ERROR - Something went wrong!
Traceback (most recent call last):
  File "/home/paul/pyodine/pyodine_create_templates.py", line 370, in create_template
    poly_pars = pyodine.lib.misc.smooth_parameters_over_orders(
  File "/home/paul/pyodine/pyodine/lib/misc.py", line 446, in smooth_parameters_over_orders
    for o in range(chunks.orders):
TypeError: only integer scalar arrays can be converted to a scalar index
INFO - 
INFO - Branch: liveversion
INFO - Hash: 19620dc
INFO - ---------------------------
INFO - Aiming to create template: /home/paul/pyodine/tutorial_data/temp_results/temp_sigdra_2018-05-16.h5
INFO - 
INFO - Hot star observations (5):
INFO - /home/paul/pyodine/tutorial_data/sigdra_template/2018-05-16/obs_ostar/s1_2018-05-17T03-03-16_ext.fits
INFO - /home/paul/pyodine/tutorial_data/sigdra_template/2018-05-16/obs_ostar/s1_2018-05-17T03-05-23_ext.fits
INFO - /home/paul/pyodine/tutorial_data/sigdra_template/2018-05-16/obs_ostar/s1_2018-05-17T03-07-28_ext.fits
INFO - /home/paul/pyodine/tutorial_data/sigdra_template/2018-05-16/obs_ostar/s1_2018-05-17T03-09-33_ext.fits
INFO - /home/paul/pyodine/tutorial_data/sigdra_template/2018-05-16/obs_ostar/s1_2018-05-17T03-11-39_ext.fits
INFO - 
INFO - Stellar template observations (7):
INFO - /home/paul/pyodine/tutorial_data/sigdra_template/2018-05-16/obs_temp/s1_2018-05-17T03-15-36_ext.fits
INFO - /home/paul/pyodine/tutorial_data/sigdra_template/2018-05-16/obs_temp/s1_2018-05-17T03-23-26_ext.fits
INFO - /home/paul/pyodine/tutorial_data/sigdra_template/2018-05-16/obs_temp/s1_2018-05-17T03-31-28_ext.fits
INFO - /home/paul/pyodine/tutorial_data/sigdra_template/2018-05-16/obs_temp/s1_2018-05-17T03-39-17_ext.fits
INFO - /home/paul/pyodine/tutorial_data/sigdra_template/2018-05-16/obs_temp/s1_2018-05-17T03-47-07_ext.fits
INFO - /home/paul/pyodine/tutorial_data/sigdra_template/2018-05-16/obs_temp/s1_2018-05-17T03-54-55_ext.fits
INFO - /home/paul/pyodine/tutorial_data/sigdra_template/2018-05-16/obs_temp/s1_2018-05-17T04-02-59_ext.fits
INFO - 
INFO - Median flux of the summed stellar template observation: 200817
INFO - 
INFO - Orders to use: [18 19 20 21 22 23 24 25 26 27 28 29 30 31 32 33 34 35 36 37 38 39 40 41]
INFO - 
INFO - Velocity guess: 25.136 km/s
INFO - Barycentric velocity: 2.026 km/s
INFO - 
INFO - Saved summed, normalized template observations to:
INFO - /home/paul/pyodine/tutorial_data/temp_results/sigdra_2018-05-16_summed.fits
INFO - 
INFO - Warning! Max. nr. of chunks without cutting down is 21!
INFO - 
INFO - Total number of chunks: 528
INFO - Nr. chunks in order 0: 22
INFO - First and last covered pixel of chunks in order 0: 30, 2031
INFO - Orders: 18 - 41 (24 in total)
INFO - 
INFO - ----------------------
INFO - RUN 0
INFO - ----------------------
INFO - 
INFO - Constraining parameters for RUN 0
INFO - 
INFO - Number of chunks with no uncertainties: 0
INFO - Number of chunks with outliers: 0
INFO - Number of chunks with nan fitted red. Chi2: 0
INFO - 
INFO - Creating analysis plots...
INFO - 
INFO - ----------------------
INFO - RUN 1
INFO - ----------------------
INFO - 
INFO - Constraining parameters for RUN 1
INFO - 
INFO - Fitted LSF parameters:
INFO - <ParameterSet (values: 10)>
    left_1  =  6.491237904042129
    left_2  =  -8.060515068462093
    left_3  =  4.264198963096884
    left_4  =  -1.4996994182294738
    left_5  =  0.37808595652133303
    right1  =  6.491295402241581
    right2  =  -8.060579240503628
    right3  =  4.264229891049837
    right4  =  -1.4997094498589532
    right5  =  0.3780884446054246
INFO - 
INFO - Number of chunks with no uncertainties: 0
INFO - Number of chunks with outliers: 0
INFO - Number of chunks with nan fitted red. Chi2: 0
INFO - 
INFO - Creating analysis plots...
INFO - 
INFO - ----------------------
INFO - All runs done, continuing to template deconvolution...
INFO - Deconvolve: /home/paul/pyodine/tutorial_data/sigdra_template/2018-05-16/obs_temp/s1_2018-05-17T03-15-36_ext.fits
INFO - Deconvolving chunks...
INFO - Saving deconvolved template to /home/paul/pyodine/tutorial_data/temp_results/temp_sigdra_2018-05-16.h5
INFO - 
INFO - Done, full working time: 324.1691997051239
INFO - Total number of created chunks: 528 (in result file: 528)
INFO - Number of created chunks in order 0: 22
INFO - Loading template from file: /home/paul/pyodine/tutorial_data/temp_results/temp_sigdra_2018-05-16.h5
INFO - 
INFO - Branch: liveversion
INFO - Hash: 19620dc
INFO - ---------------------------
INFO - Aiming to create template: /home/paul/pyodine/tutorial_data/temp_results/temp_sigdra_2018-05-16.h5
INFO - 
INFO - Hot star observations (5):
INFO - /home/paul/pyodine/tutorial_data/sigdra_template/2018-05-16/obs_ostar/s1_2018-05-17T03-03-16_ext.fits
INFO - /home/paul/pyodine/tutorial_data/sigdra_template/2018-05-16/obs_ostar/s1_2018-05-17T03-05-23_ext.fits
INFO - /home/paul/pyodine/tutorial_data/sigdra_template/2018-05-16/obs_ostar/s1_2018-05-17T03-07-28_ext.fits
INFO - /home/paul/pyodine/tutorial_data/sigdra_template/2018-05-16/obs_ostar/s1_2018-05-17T03-09-33_ext.fits
INFO - /home/paul/pyodine/tutorial_data/sigdra_template/2018-05-16/obs_ostar/s1_2018-05-17T03-11-39_ext.fits
INFO - 
INFO - Stellar template observations (7):
INFO - /home/paul/pyodine/tutorial_data/sigdra_template/2018-05-16/obs_temp/s1_2018-05-17T03-15-36_ext.fits
INFO - /home/paul/pyodine/tutorial_data/sigdra_template/2018-05-16/obs_temp/s1_2018-05-17T03-23-26_ext.fits
INFO - /home/paul/pyodine/tutorial_data/sigdra_template/2018-05-16/obs_temp/s1_2018-05-17T03-31-28_ext.fits
INFO - /home/paul/pyodine/tutorial_data/sigdra_template/2018-05-16/obs_temp/s1_2018-05-17T03-39-17_ext.fits
INFO - /home/paul/pyodine/tutorial_data/sigdra_template/2018-05-16/obs_temp/s1_2018-05-17T03-47-07_ext.fits
INFO - /home/paul/pyodine/tutorial_data/sigdra_template/2018-05-16/obs_temp/s1_2018-05-17T03-54-55_ext.fits
INFO - /home/paul/pyodine/tutorial_data/sigdra_template/2018-05-16/obs_temp/s1_2018-05-17T04-02-59_ext.fits
INFO - 
INFO - Median flux of the summed stellar template observation: 200817
INFO - 
INFO - Orders to use: [18 19 20 21 22 23 24 25 26 27 28 29 30 31 32 33 34 35 36 37 38 39 40 41]
INFO - 
INFO - Velocity guess: 25.136 km/s
INFO - Barycentric velocity: 2.026 km/s
INFO - 
INFO - Saved summed, normalized template observations to:
INFO - /home/paul/pyodine/tutorial_data/temp_results/sigdra_2018-05-16_summed.fits
INFO - 
INFO - Warning! Max. nr. of chunks without cutting down is 21!
INFO - 
INFO - Total number of chunks: 528
INFO - Nr. chunks in order 0: 22
INFO - First and last covered pixel of chunks in order 0: 30, 2031
INFO - Orders: 18 - 41 (24 in total)
INFO - 
INFO - ----------------------
INFO - RUN 0
INFO - ----------------------
INFO - 
INFO - Constraining parameters for RUN 0
INFO - 
INFO - Number of chunks with no uncertainties: 0
INFO - Number of chunks with outliers: 0
INFO - Number of chunks with nan fitted red. Chi2: 0
INFO - 
INFO - Creating analysis plots...
INFO - 
INFO - ----------------------
INFO - RUN 1
INFO - ----------------------
INFO - 
INFO - Constraining parameters for RUN 1
INFO - 
INFO - Fitted LSF parameters:
INFO - <ParameterSet (values: 10)>
    left_1  =  6.491237904042129
    left_2  =  -8.060515068462093
    left_3  =  4.264198963096884
    left_4  =  -1.4996994182294738
    left_5  =  0.37808595652133303
    right1  =  6.491295402241581
    right2  =  -8.060579240503628
    right3  =  4.264229891049837
    right4  =  -1.4997094498589532
    right5  =  0.3780884446054246
INFO - 
INFO - Number of chunks with no uncertainties: 0
INFO - Number of chunks with outliers: 0
INFO - Number of chunks with nan fitted red. Chi2: 0
INFO - 
INFO - Creating analysis plots...
INFO - 
INFO - ----------------------
INFO - All runs done, continuing to template deconvolution...
INFO - Deconvolve: /home/paul/pyodine/tutorial_data/sigdra_template/2018-05-16/obs_temp/s1_2018-05-17T03-15-36_ext.fits
INFO - Deconvolving chunks...
INFO - Saving deconvolved template to /home/paul/pyodine/tutorial_data/temp_results/temp_sigdra_2018-05-16.h5
INFO - 
INFO - Done, full working time: 274.17747259140015
