INFO - 
INFO - Branch: master
INFO - Hash: c2a71ac
INFO - ---------------------------
INFO - Working on: /Users/jaklusmeyer/code/NMSU/SONG/pyodine/tutorial_data/sigdra_obs_tutorial/s1_2015-05-02T03-54-51_ext.fits
INFO - 
INFO - Median flux of the observation: 31241
INFO - Loading template from file: /Users/jaklusmeyer/code/NMSU/SONG/pyodine/tutorial_data/temp_results/temp_sigdra_2018-05-16.h5
INFO - 
INFO - Order correction: -1
INFO - 
INFO - Measured velocity rel. to reference spectrum: 26.677 km/s
INFO - Template velocity: 25.136 km/s
INFO - Velocity guess: 1.541 km/s (relative to template)

INFO - (Barycentric velocity of observation: 0.891 km/s)
INFO - (Barycentric velocity of template: 2.026 km/s)

INFO - 
INFO - Barycentric redshift between template and observation: 
INFO - v = 1134.3356999999999, z = 3.783736614214624e-06

INFO - 
INFO - Total number of chunks: 528
INFO - Nr. chunks in order 0: 22
INFO - First and last covered pixel of chunks in order 0: 3, 2004
INFO - Orders: 17 - 40 (24 in total)
INFO - 
INFO - ----------------------
INFO - RUN 0
INFO - ----------------------
INFO - 
INFO - Constraining parameters for RUN 0
INFO - 
INFO - Number of chunks with no uncertainties: 0
INFO - Number of chunks with outliers: 0
INFO - Number of chunks with nan fitted red. Chi2: 0
INFO - 
INFO - Creating analysis plots...
INFO - 
INFO - ----------------------
INFO - RUN 1
INFO - ----------------------
INFO - 
INFO - Constraining parameters for RUN 1
INFO - 
INFO - Fitted LSF parameters:
INFO - <ParameterSet (values: 10)>
    left_1  =  8.069622661115218
    left_2  =  -8.878196263662966
    left_3  =  4.382579047145441
    left_4  =  -1.4994055713921055
    left_5  =  0.3935595246473558
    right1  =  8.069622746695202
    right2  =  -8.878196335061231
    right3  =  4.3825790772685504
    right4  =  -1.4994055808909759
    right5  =  0.3935595272416843
INFO - 
INFO - Number of chunks with no uncertainties: 0
INFO - Number of chunks with outliers: 0
INFO - Number of chunks with nan fitted red. Chi2: 0
INFO - 
INFO - Creating analysis plots...
INFO - Velocity robust mean: 1188.377726326144
INFO - Velocity robust std: 201.1517918617766
INFO - 
INFO - Velocity error robust mean: 68.14548111539531
INFO - Velocity error robust std: 61.31132262995886
INFO - 
INFO - Minimum error: 17.67333979363701 in chunk 54
INFO - Maximum error: 21855.61455419537 in chunk 451
INFO - 
INFO - Chunks with nan velocities: []
INFO - Chunks with nan velocity errors: []
INFO - Velocity error at percentile 80: 179.15057117221002
INFO - 
INFO - Time to model this observation: 190.9699478149414
INFO - 
INFO - Branch: master
INFO - Hash: c2a71ac
INFO - ---------------------------
INFO - Working on: /Users/jaklusmeyer/code/NMSU/SONG/pyodine/tutorial_data/sigdra_obs_tutorial/s1_2015-05-02T03-54-51_ext.fits
INFO - 
INFO - Median flux of the observation: 31241
INFO - Loading template from file: /Users/jaklusmeyer/code/NMSU/SONG/pyodine/tutorial_data/temp_results/temp_sigdra_2018-05-16.h5
INFO - 
INFO - Order correction: -1
INFO - 
INFO - Measured velocity rel. to reference spectrum: 26.677 km/s
INFO - Template velocity: 25.136 km/s
INFO - Velocity guess: 1.541 km/s (relative to template)

INFO - (Barycentric velocity of observation: 0.891 km/s)
INFO - (Barycentric velocity of template: 2.026 km/s)

INFO - 
INFO - Barycentric redshift between template and observation: 
INFO - v = 1134.3356999999999, z = 3.783736614214624e-06

INFO - 
INFO - Total number of chunks: 528
INFO - Nr. chunks in order 0: 22
INFO - First and last covered pixel of chunks in order 0: 3, 2004
INFO - Orders: 17 - 40 (24 in total)
INFO - 
INFO - ----------------------
INFO - RUN 0
INFO - ----------------------
INFO - 
INFO - Constraining parameters for RUN 0
INFO - 
INFO - Number of chunks with no uncertainties: 0
INFO - Number of chunks with outliers: 0
INFO - Number of chunks with nan fitted red. Chi2: 0
INFO - 
INFO - Creating analysis plots...
INFO - 
INFO - ----------------------
INFO - RUN 1
INFO - ----------------------
INFO - 
INFO - Constraining parameters for RUN 1
INFO - 
INFO - Fitted LSF parameters:
INFO - <ParameterSet (values: 10)>
    left_1  =  8.069622661115218
    left_2  =  -8.878196263662966
    left_3  =  4.382579047145441
    left_4  =  -1.4994055713921055
    left_5  =  0.3935595246473558
    right1  =  8.069622746695202
    right2  =  -8.878196335061231
    right3  =  4.3825790772685504
    right4  =  -1.4994055808909759
    right5  =  0.3935595272416843
INFO - 
INFO - Number of chunks with no uncertainties: 0
INFO - Number of chunks with outliers: 0
INFO - Number of chunks with nan fitted red. Chi2: 0
INFO - 
INFO - Creating analysis plots...
INFO - Velocity robust mean: 1188.377726326144
INFO - Velocity robust std: 201.1517918617766
INFO - 
INFO - Velocity error robust mean: 68.14548111539531
INFO - Velocity error robust std: 61.31132262995886
INFO - 
INFO - Minimum error: 17.67333979363701 in chunk 54
INFO - Maximum error: 21855.61455419537 in chunk 451
INFO - 
INFO - Chunks with nan velocities: []
INFO - Chunks with nan velocity errors: []
INFO - Velocity error at percentile 80: 179.15057117221002
INFO - 
INFO - Time to model this observation: 194.25123405456543
INFO - 
INFO - Branch: master
INFO - Hash: c2a71ac
INFO - ---------------------------
INFO - Working on: /Users/jaklusmeyer/code/NMSU/SONG/pyodine/tutorial_data/sigdra_obs_tutorial/s1_2015-05-02T03-54-51_ext.fits
INFO - 
INFO - Median flux of the observation: 31241
INFO - Loading template from file: /Users/jaklusmeyer/code/NMSU/SONG/pyodine/tutorial_data/temp_results/temp_sigdra_2018-05-16.h5
INFO - 
INFO - Order correction: -1
INFO - 
INFO - Measured velocity rel. to reference spectrum: 26.677 km/s
INFO - Template velocity: 25.136 km/s
INFO - Velocity guess: 1.541 km/s (relative to template)

INFO - (Barycentric velocity of observation: 0.891 km/s)
INFO - (Barycentric velocity of template: 2.026 km/s)

INFO - 
INFO - Barycentric redshift between template and observation: 
INFO - v = 1134.3356999999999, z = 3.783736614214624e-06

INFO - 
INFO - Total number of chunks: 528
INFO - Nr. chunks in order 0: 22
INFO - First and last covered pixel of chunks in order 0: 3, 2004
INFO - Orders: 17 - 40 (24 in total)
INFO - 
INFO - ----------------------
INFO - RUN 0
INFO - ----------------------
INFO - 
INFO - Constraining parameters for RUN 0
INFO - 
INFO - Number of chunks with no uncertainties: 0
INFO - Number of chunks with outliers: 0
INFO - Number of chunks with nan fitted red. Chi2: 0
INFO - 
INFO - Creating analysis plots...
INFO - 
INFO - ----------------------
INFO - RUN 1
INFO - ----------------------
INFO - 
INFO - Constraining parameters for RUN 1
INFO - 
INFO - Fitted LSF parameters:
INFO - <ParameterSet (values: 10)>
    left_1  =  8.069622661115218
    left_2  =  -8.878196263662966
    left_3  =  4.382579047145441
    left_4  =  -1.4994055713921055
    left_5  =  0.3935595246473558
    right1  =  8.069622746695202
    right2  =  -8.878196335061231
    right3  =  4.3825790772685504
    right4  =  -1.4994055808909759
    right5  =  0.3935595272416843
INFO - 
INFO - Number of chunks with no uncertainties: 0
INFO - Number of chunks with outliers: 0
INFO - Number of chunks with nan fitted red. Chi2: 0
INFO - 
INFO - Creating analysis plots...
INFO - Velocity robust mean: 1188.377726326144
INFO - Velocity robust std: 201.1517918617766
INFO - 
INFO - Velocity error robust mean: 68.14548111539531
INFO - Velocity error robust std: 61.31132262995886
INFO - 
INFO - Minimum error: 17.67333979363701 in chunk 54
INFO - Maximum error: 21855.61455419537 in chunk 451
INFO - 
INFO - Chunks with nan velocities: []
INFO - Chunks with nan velocity errors: []
INFO - Velocity error at percentile 80: 179.15057117221002
INFO - 
INFO - Time to model this observation: 230.56316590309143
