2025-03-02 16:52:04,048 - root - ERROR - Something went wrong!
Traceback (most recent call last):
  File "/Users/jaklusmeyer/code/NMSU/SONG/pyodine/pyodine_combine_vels.py", line 190, in combine_velocity_results
    Results.create_timeseries(weighting_pars=Pars.weighting_pars_song,
  File "/Users/jaklusmeyer/code/NMSU/SONG/pyodine/pyodine/timeseries/base.py", line 158, in create_timeseries
    tseries, self.auxiliary, self.weighting_pars = combine_chunk_velocities(
  File "/Users/jaklusmeyer/code/NMSU/SONG/pyodine/pyodine/timeseries/combine_vels.py", line 164, in combine_chunk_velocities
    offsets_chunk = robust_mean(vel_offset_corrected, axis=0)
  File "/Users/jaklusmeyer/code/NMSU/SONG/pyodine/pyodine/timeseries/misc.py", line 32, in robust_mean
    y[k] = robust.mean(x[ii,k])
  File "/Users/jaklusmeyer/code/NMSU/SONG/pyodine/pyodine/lib/robust.py", line 155, in mean
    dataSigma = dataSigma / math.sqrt(len(good) - 1)
ZeroDivisionError: float division by zero
2025-03-02 16:52:46,605 - root - ERROR - Problem loading combined results:
Traceback (most recent call last):
  File "/Users/jaklusmeyer/code/NMSU/SONG/pyodine/pyodine/timeseries/base.py", line 43, in __init__
    self.load_combined(self.filename)
  File "/Users/jaklusmeyer/code/NMSU/SONG/pyodine/pyodine/timeseries/base.py", line 471, in load_combined
    with h5py.File(filename, 'r') as h:
  File "/opt/anaconda3/envs/SONG_iodine/lib/python3.10/site-packages/h5py/_hl/files.py", line 564, in __init__
    fid = make_fid(name, mode, userblock_size, fapl, fcpl, swmr=swmr)
  File "/opt/anaconda3/envs/SONG_iodine/lib/python3.10/site-packages/h5py/_hl/files.py", line 238, in make_fid
    fid = h5f.open(name, flags, fapl=fapl)
  File "h5py/_objects.pyx", line 54, in h5py._objects.with_phil.wrapper
  File "h5py/_objects.pyx", line 55, in h5py._objects.with_phil.wrapper
  File "h5py/h5f.pyx", line 102, in h5py.h5f.open
FileNotFoundError: [Errno 2] Unable to synchronously open file (unable to open file: name = '/Users/jaklusmeyer/code/NMSU/SONG/pyodine/tutorial_data/vel_results/sigdra_tutorial_comb.h5', errno = 2, error message = 'No such file or directory', flags = 0, o_flags = 0)
2025-03-02 16:54:22,441 - root - ERROR - Something went wrong!
Traceback (most recent call last):
  File "/Users/jaklusmeyer/code/NMSU/SONG/pyodine/pyodine_combine_vels.py", line 190, in combine_velocity_results
    Results.create_timeseries(weighting_pars=Pars.weighting_pars_song,
  File "/Users/jaklusmeyer/code/NMSU/SONG/pyodine/pyodine/timeseries/base.py", line 158, in create_timeseries
    tseries, self.auxiliary, self.weighting_pars = combine_chunk_velocities(
  File "/Users/jaklusmeyer/code/NMSU/SONG/pyodine/pyodine/timeseries/combine_vels.py", line 164, in combine_chunk_velocities
    offsets_chunk = robust_mean(vel_offset_corrected, axis=0)
  File "/Users/jaklusmeyer/code/NMSU/SONG/pyodine/pyodine/timeseries/misc.py", line 32, in robust_mean
    y[k] = robust.mean(x[ii,k])
  File "/Users/jaklusmeyer/code/NMSU/SONG/pyodine/pyodine/lib/robust.py", line 155, in mean
    dataSigma = dataSigma / math.sqrt(len(good) - 1)
ZeroDivisionError: float division by zero
2025-03-02 16:55:15,479 - root - ERROR - Something went wrong!
Traceback (most recent call last):
  File "/Users/jaklusmeyer/code/NMSU/SONG/pyodine/pyodine_combine_vels.py", line 190, in combine_velocity_results
    Results.create_timeseries(weighting_pars=Pars.weighting_pars_song,
  File "/Users/jaklusmeyer/code/NMSU/SONG/pyodine/pyodine/timeseries/base.py", line 158, in create_timeseries
    tseries, self.auxiliary, self.weighting_pars = combine_chunk_velocities(
  File "/Users/jaklusmeyer/code/NMSU/SONG/pyodine/pyodine/timeseries/combine_vels.py", line 164, in combine_chunk_velocities
    offsets_chunk = robust_mean(vel_offset_corrected, axis=0)
  File "/Users/jaklusmeyer/code/NMSU/SONG/pyodine/pyodine/timeseries/misc.py", line 32, in robust_mean
    y[k] = robust.mean(x[ii,k])
  File "/Users/jaklusmeyer/code/NMSU/SONG/pyodine/pyodine/lib/robust.py", line 155, in mean
    dataSigma = dataSigma / math.sqrt(len(good) - 1)
ZeroDivisionError: float division by zero
2025-03-02 16:56:12,459 - root - ERROR - Something went wrong!
Traceback (most recent call last):
  File "/Users/jaklusmeyer/code/NMSU/SONG/pyodine/pyodine_combine_vels.py", line 190, in combine_velocity_results
    Results.create_timeseries(weighting_pars=Pars.weighting_pars_song,
  File "/Users/jaklusmeyer/code/NMSU/SONG/pyodine/pyodine/timeseries/base.py", line 158, in create_timeseries
    tseries, self.auxiliary, self.weighting_pars = combine_chunk_velocities(
  File "/Users/jaklusmeyer/code/NMSU/SONG/pyodine/pyodine/timeseries/combine_vels.py", line 164, in combine_chunk_velocities
    offsets_chunk = robust_mean(vel_offset_corrected, axis=0)
  File "/Users/jaklusmeyer/code/NMSU/SONG/pyodine/pyodine/timeseries/misc.py", line 32, in robust_mean
    y[k] = robust.mean(x[ii,k])
  File "/Users/jaklusmeyer/code/NMSU/SONG/pyodine/pyodine/lib/robust.py", line 155, in mean
    dataSigma = dataSigma / math.sqrt(len(good) - 1)
ZeroDivisionError: float division by zero
2025-03-02 17:06:19,913 - root - ERROR - Something went wrong!
Traceback (most recent call last):
  File "/Users/jaklusmeyer/code/NMSU/SONG/pyodine/pyodine_combine_vels.py", line 190, in combine_velocity_results
    Results.create_timeseries(weighting_pars=Pars.weighting_pars_song,
  File "/Users/jaklusmeyer/code/NMSU/SONG/pyodine/pyodine/timeseries/base.py", line 158, in create_timeseries
    tseries, self.auxiliary, self.weighting_pars = combine_chunk_velocities(
  File "/Users/jaklusmeyer/code/NMSU/SONG/pyodine/pyodine/timeseries/combine_vels.py", line 164, in combine_chunk_velocities
    offsets_chunk = robust_mean(vel_offset_corrected, axis=0)
  File "/Users/jaklusmeyer/code/NMSU/SONG/pyodine/pyodine/timeseries/misc.py", line 32, in robust_mean
    y[k] = robust.mean(x[ii,k])
  File "/Users/jaklusmeyer/code/NMSU/SONG/pyodine/pyodine/lib/robust.py", line 155, in mean
    dataSigma = dataSigma / math.sqrt(len(good) - 1)
ZeroDivisionError: float division by zero
2025-03-02 17:06:19,939 - root - ERROR - Problem loading combined results:
Traceback (most recent call last):
  File "/Users/jaklusmeyer/code/NMSU/SONG/pyodine/pyodine/timeseries/base.py", line 43, in __init__
    self.load_combined(self.filename)
  File "/Users/jaklusmeyer/code/NMSU/SONG/pyodine/pyodine/timeseries/base.py", line 471, in load_combined
    with h5py.File(filename, 'r') as h:
  File "/opt/anaconda3/envs/SONG_iodine/lib/python3.10/site-packages/h5py/_hl/files.py", line 564, in __init__
    fid = make_fid(name, mode, userblock_size, fapl, fcpl, swmr=swmr)
  File "/opt/anaconda3/envs/SONG_iodine/lib/python3.10/site-packages/h5py/_hl/files.py", line 238, in make_fid
    fid = h5f.open(name, flags, fapl=fapl)
  File "h5py/_objects.pyx", line 54, in h5py._objects.with_phil.wrapper
  File "h5py/_objects.pyx", line 55, in h5py._objects.with_phil.wrapper
  File "h5py/h5f.pyx", line 102, in h5py.h5f.open
FileNotFoundError: [Errno 2] Unable to synchronously open file (unable to open file: name = '/Users/jaklusmeyer/code/NMSU/SONG/pyodine/tutorial_data/vel_results/sigdra_tutorial_comb.h5', errno = 2, error message = 'No such file or directory', flags = 0, o_flags = 0)
2025-03-02 17:09:49,108 - root - ERROR - Something went wrong!
Traceback (most recent call last):
  File "/Users/jaklusmeyer/code/NMSU/SONG/pyodine/pyodine_combine_vels.py", line 190, in combine_velocity_results
    Results.create_timeseries(weighting_pars=Pars.weighting_pars_song,
  File "/Users/jaklusmeyer/code/NMSU/SONG/pyodine/pyodine/timeseries/base.py", line 158, in create_timeseries
    tseries, self.auxiliary, self.weighting_pars = combine_chunk_velocities(
  File "/Users/jaklusmeyer/code/NMSU/SONG/pyodine/pyodine/timeseries/combine_vels.py", line 164, in combine_chunk_velocities
    offsets_chunk = robust_mean(vel_offset_corrected, axis=0)
  File "/Users/jaklusmeyer/code/NMSU/SONG/pyodine/pyodine/timeseries/misc.py", line 32, in robust_mean
    y[k] = robust.mean(x[ii,k])
  File "/Users/jaklusmeyer/code/NMSU/SONG/pyodine/pyodine/lib/robust.py", line 155, in mean
    dataSigma = dataSigma / math.sqrt(len(good) - 1)
ZeroDivisionError: float division by zero
2025-03-02 17:11:14,138 - root - ERROR - Something went wrong!
Traceback (most recent call last):
  File "/Users/jaklusmeyer/code/NMSU/SONG/pyodine/pyodine_combine_vels.py", line 190, in combine_velocity_results
    Results.create_timeseries(weighting_pars=Pars.weighting_pars_song,
  File "/Users/jaklusmeyer/code/NMSU/SONG/pyodine/pyodine/timeseries/base.py", line 158, in create_timeseries
    tseries, self.auxiliary, self.weighting_pars = combine_chunk_velocities(
  File "/Users/jaklusmeyer/code/NMSU/SONG/pyodine/pyodine/timeseries/combine_vels.py", line 164, in combine_chunk_velocities
    offsets_chunk = robust_mean(vel_offset_corrected, axis=0)
  File "/Users/jaklusmeyer/code/NMSU/SONG/pyodine/pyodine/timeseries/misc.py", line 32, in robust_mean
    y[k] = robust.mean(x[ii,k])
  File "/Users/jaklusmeyer/code/NMSU/SONG/pyodine/pyodine/lib/robust.py", line 155, in mean
    dataSigma = dataSigma / math.sqrt(len(good) - 1)
ZeroDivisionError: float division by zero
2025-03-02 17:11:32,086 - root - ERROR - Something went wrong!
Traceback (most recent call last):
  File "/Users/jaklusmeyer/code/NMSU/SONG/pyodine/pyodine_combine_vels.py", line 190, in combine_velocity_results
    Results.create_timeseries(weighting_pars=Pars.weighting_pars_song,
  File "/Users/jaklusmeyer/code/NMSU/SONG/pyodine/pyodine/timeseries/base.py", line 158, in create_timeseries
    tseries, self.auxiliary, self.weighting_pars = combine_chunk_velocities(
  File "/Users/jaklusmeyer/code/NMSU/SONG/pyodine/pyodine/timeseries/combine_vels.py", line 164, in combine_chunk_velocities
    offsets_chunk = robust_mean(vel_offset_corrected, axis=0)
  File "/Users/jaklusmeyer/code/NMSU/SONG/pyodine/pyodine/timeseries/misc.py", line 32, in robust_mean
    y[k] = robust.mean(x[ii,k])
  File "/Users/jaklusmeyer/code/NMSU/SONG/pyodine/pyodine/lib/robust.py", line 155, in mean
    dataSigma = dataSigma / math.sqrt(len(good) - 1)
ZeroDivisionError: float division by zero
2025-03-02 17:11:52,774 - root - ERROR - Problem loading combined results:
Traceback (most recent call last):
  File "/Users/jaklusmeyer/code/NMSU/SONG/pyodine/pyodine/timeseries/base.py", line 43, in __init__
    self.load_combined(self.filename)
  File "/Users/jaklusmeyer/code/NMSU/SONG/pyodine/pyodine/timeseries/base.py", line 471, in load_combined
    with h5py.File(filename, 'r') as h:
  File "/opt/anaconda3/envs/SONG_iodine/lib/python3.10/site-packages/h5py/_hl/files.py", line 564, in __init__
    fid = make_fid(name, mode, userblock_size, fapl, fcpl, swmr=swmr)
  File "/opt/anaconda3/envs/SONG_iodine/lib/python3.10/site-packages/h5py/_hl/files.py", line 238, in make_fid
    fid = h5f.open(name, flags, fapl=fapl)
  File "h5py/_objects.pyx", line 54, in h5py._objects.with_phil.wrapper
  File "h5py/_objects.pyx", line 55, in h5py._objects.with_phil.wrapper
  File "h5py/h5f.pyx", line 102, in h5py.h5f.open
FileNotFoundError: [Errno 2] Unable to synchronously open file (unable to open file: name = '/Users/jaklusmeyer/code/NMSU/SONG/pyodine/tutorial_data/vel_results/sigdra_tutorial_comb.h5', errno = 2, error message = 'No such file or directory', flags = 0, o_flags = 0)
2025-03-02 17:13:03,943 - root - ERROR - Something went wrong!
Traceback (most recent call last):
  File "/Users/jaklusmeyer/code/NMSU/SONG/pyodine/pyodine_combine_vels.py", line 190, in combine_velocity_results
    Results.create_timeseries(weighting_pars=Pars.weighting_pars_song,
  File "/Users/jaklusmeyer/code/NMSU/SONG/pyodine/pyodine/timeseries/base.py", line 158, in create_timeseries
    tseries, self.auxiliary, self.weighting_pars = combine_chunk_velocities(
  File "/Users/jaklusmeyer/code/NMSU/SONG/pyodine/pyodine/timeseries/combine_vels.py", line 164, in combine_chunk_velocities
    offsets_chunk = robust_mean(vel_offset_corrected, axis=0)
  File "/Users/jaklusmeyer/code/NMSU/SONG/pyodine/pyodine/timeseries/misc.py", line 32, in robust_mean
    y[k] = robust.mean(x[ii,k])
  File "/Users/jaklusmeyer/code/NMSU/SONG/pyodine/pyodine/lib/robust.py", line 155, in mean
    dataSigma = dataSigma / math.sqrt(len(good) - 1)
ZeroDivisionError: float division by zero
2025-03-02 17:13:39,721 - root - ERROR - Something went wrong!
Traceback (most recent call last):
  File "/Users/jaklusmeyer/code/NMSU/SONG/pyodine/pyodine_combine_vels.py", line 190, in combine_velocity_results
    Results.create_timeseries(weighting_pars=Pars.weighting_pars_song,
  File "/Users/jaklusmeyer/code/NMSU/SONG/pyodine/pyodine/timeseries/base.py", line 158, in create_timeseries
    tseries, self.auxiliary, self.weighting_pars = combine_chunk_velocities(
  File "/Users/jaklusmeyer/code/NMSU/SONG/pyodine/pyodine/timeseries/combine_vels.py", line 164, in combine_chunk_velocities
    offsets_chunk = robust_mean(vel_offset_corrected, axis=0)
  File "/Users/jaklusmeyer/code/NMSU/SONG/pyodine/pyodine/timeseries/misc.py", line 32, in robust_mean
    y[k] = robust.mean(x[ii,k])
  File "/Users/jaklusmeyer/code/NMSU/SONG/pyodine/pyodine/lib/robust.py", line 155, in mean
    dataSigma = dataSigma / math.sqrt(len(good) - 1)
ZeroDivisionError: float division by zero
2025-03-02 17:13:53,328 - root - ERROR - Something went wrong!
Traceback (most recent call last):
  File "/Users/jaklusmeyer/code/NMSU/SONG/pyodine/pyodine_combine_vels.py", line 190, in combine_velocity_results
    Results.create_timeseries(weighting_pars=Pars.weighting_pars_song,
  File "/Users/jaklusmeyer/code/NMSU/SONG/pyodine/pyodine/timeseries/base.py", line 158, in create_timeseries
    tseries, self.auxiliary, self.weighting_pars = combine_chunk_velocities(
  File "/Users/jaklusmeyer/code/NMSU/SONG/pyodine/pyodine/timeseries/combine_vels.py", line 164, in combine_chunk_velocities
    offsets_chunk = robust_mean(vel_offset_corrected, axis=0)
  File "/Users/jaklusmeyer/code/NMSU/SONG/pyodine/pyodine/timeseries/misc.py", line 32, in robust_mean
    y[k] = robust.mean(x[ii,k])
  File "/Users/jaklusmeyer/code/NMSU/SONG/pyodine/pyodine/lib/robust.py", line 155, in mean
    dataSigma = dataSigma / math.sqrt(len(good) - 1)
ZeroDivisionError: float division by zero
2025-03-02 17:14:26,611 - root - ERROR - Something went wrong!
Traceback (most recent call last):
  File "/Users/jaklusmeyer/code/NMSU/SONG/pyodine/pyodine_combine_vels.py", line 190, in combine_velocity_results
    Results.create_timeseries(weighting_pars=Pars.weighting_pars_song,
  File "/Users/jaklusmeyer/code/NMSU/SONG/pyodine/pyodine/timeseries/base.py", line 158, in create_timeseries
    tseries, self.auxiliary, self.weighting_pars = combine_chunk_velocities(
  File "/Users/jaklusmeyer/code/NMSU/SONG/pyodine/pyodine/timeseries/combine_vels.py", line 164, in combine_chunk_velocities
    offsets_chunk = robust_mean(vel_offset_corrected, axis=0)
  File "/Users/jaklusmeyer/code/NMSU/SONG/pyodine/pyodine/timeseries/misc.py", line 32, in robust_mean
    y[k] = robust.mean(x[ii,k])
  File "/Users/jaklusmeyer/code/NMSU/SONG/pyodine/pyodine/lib/robust.py", line 155, in mean
    dataSigma = dataSigma / math.sqrt(len(good) - 1)
ZeroDivisionError: float division by zero
2025-03-03 17:06:32,383 - root - ERROR - Something went wrong!
Traceback (most recent call last):
  File "/Users/jaklusmeyer/code/SONG_iodine/pyodine_combine_vels.py", line 190, in combine_velocity_results
    Results.create_timeseries(weighting_pars=Pars.weighting_pars_song,
  File "/Users/jaklusmeyer/code/SONG_iodine/pyodine/timeseries/base.py", line 158, in create_timeseries
    tseries, self.auxiliary, self.weighting_pars = combine_chunk_velocities(
  File "/Users/jaklusmeyer/code/SONG_iodine/pyodine/timeseries/combine_vels.py", line 164, in combine_chunk_velocities
    offsets_chunk = robust_mean(vel_offset_corrected, axis=0)
  File "/Users/jaklusmeyer/code/SONG_iodine/pyodine/timeseries/misc.py", line 32, in robust_mean
    y[k] = robust.mean(x[ii,k])
  File "/Users/jaklusmeyer/code/SONG_iodine/pyodine/lib/robust.py", line 155, in mean
    dataSigma = dataSigma / math.sqrt(len(good) - 1)
ZeroDivisionError: float division by zero
2025-03-03 17:06:32,406 - root - ERROR - Problem loading combined results:
Traceback (most recent call last):
  File "/Users/jaklusmeyer/code/SONG_iodine/pyodine/timeseries/base.py", line 43, in __init__
    self.load_combined(self.filename)
  File "/Users/jaklusmeyer/code/SONG_iodine/pyodine/timeseries/base.py", line 471, in load_combined
    with h5py.File(filename, 'r') as h:
  File "/Users/jaklusmeyer/miniconda/envs/SONG_iodine/lib/python3.9/site-packages/h5py/_hl/files.py", line 564, in __init__
    fid = make_fid(name, mode, userblock_size, fapl, fcpl, swmr=swmr)
  File "/Users/jaklusmeyer/miniconda/envs/SONG_iodine/lib/python3.9/site-packages/h5py/_hl/files.py", line 238, in make_fid
    fid = h5f.open(name, flags, fapl=fapl)
  File "h5py/_objects.pyx", line 54, in h5py._objects.with_phil.wrapper
  File "h5py/_objects.pyx", line 55, in h5py._objects.with_phil.wrapper
  File "h5py/h5f.pyx", line 102, in h5py.h5f.open
FileNotFoundError: [Errno 2] Unable to synchronously open file (unable to open file: name = '/Users/jaklusmeyer/code/NMSU/SONG/pyodine/tutorial_data/vel_results/sigdra_tutorial_comb.h5', errno = 2, error message = 'No such file or directory', flags = 0, o_flags = 0)
2025-03-03 17:35:54,027 - root - ERROR - Something went wrong!
Traceback (most recent call last):
  File "/Users/jaklusmeyer/code/SONG_iodine/pyodine_combine_vels.py", line 190, in combine_velocity_results
    Results.create_timeseries(weighting_pars=Pars.weighting_pars_song,
  File "/Users/jaklusmeyer/code/SONG_iodine/pyodine/timeseries/base.py", line 158, in create_timeseries
    tseries, self.auxiliary, self.weighting_pars = combine_chunk_velocities(
  File "/Users/jaklusmeyer/code/SONG_iodine/pyodine/timeseries/combine_vels.py", line 164, in combine_chunk_velocities
    offsets_chunk = robust_mean(vel_offset_corrected, axis=0)
  File "/Users/jaklusmeyer/code/SONG_iodine/pyodine/timeseries/misc.py", line 32, in robust_mean
    y[k] = robust.mean(x[ii,k])
  File "/Users/jaklusmeyer/code/SONG_iodine/pyodine/lib/robust.py", line 155, in mean
    dataSigma = dataSigma / math.sqrt(len(good) - 1)
ZeroDivisionError: float division by zero
2025-03-03 17:35:54,053 - root - ERROR - Problem loading combined results:
Traceback (most recent call last):
  File "/Users/jaklusmeyer/code/SONG_iodine/pyodine/timeseries/base.py", line 43, in __init__
    self.load_combined(self.filename)
  File "/Users/jaklusmeyer/code/SONG_iodine/pyodine/timeseries/base.py", line 471, in load_combined
    with h5py.File(filename, 'r') as h:
  File "/Users/jaklusmeyer/miniconda/envs/SONG_iodine/lib/python3.9/site-packages/h5py/_hl/files.py", line 564, in __init__
    fid = make_fid(name, mode, userblock_size, fapl, fcpl, swmr=swmr)
  File "/Users/jaklusmeyer/miniconda/envs/SONG_iodine/lib/python3.9/site-packages/h5py/_hl/files.py", line 238, in make_fid
    fid = h5f.open(name, flags, fapl=fapl)
  File "h5py/_objects.pyx", line 54, in h5py._objects.with_phil.wrapper
  File "h5py/_objects.pyx", line 55, in h5py._objects.with_phil.wrapper
  File "h5py/h5f.pyx", line 102, in h5py.h5f.open
FileNotFoundError: [Errno 2] Unable to synchronously open file (unable to open file: name = '/Users/jaklusmeyer/code/NMSU/SONG/pyodine/tutorial_data/vel_results/sigdra_tutorial_comb.h5', errno = 2, error message = 'No such file or directory', flags = 0, o_flags = 0)
2025-03-03 18:52:30,978 - root - ERROR - Something went wrong!
Traceback (most recent call last):
  File "/Users/jaklusmeyer/code/SONG_iodine/pyodine_combine_vels.py", line 190, in combine_velocity_results
    Results.create_timeseries(weighting_pars=Pars.weighting_pars_song,
  File "/Users/jaklusmeyer/code/SONG_iodine/pyodine/timeseries/base.py", line 158, in create_timeseries
    tseries, self.auxiliary, self.weighting_pars = combine_chunk_velocities(
  File "/Users/jaklusmeyer/code/SONG_iodine/pyodine/timeseries/combine_vels.py", line 164, in combine_chunk_velocities
    offsets_chunk = robust_mean(vel_offset_corrected, axis=0)
  File "/Users/jaklusmeyer/code/SONG_iodine/pyodine/timeseries/misc.py", line 32, in robust_mean
    y[k] = robust.mean(x[ii,k])
  File "/Users/jaklusmeyer/code/SONG_iodine/pyodine/lib/robust.py", line 155, in mean
    dataSigma = dataSigma / math.sqrt(len(good) - 1)
ZeroDivisionError: float division by zero
2025-03-03 18:52:30,998 - root - ERROR - Problem loading combined results:
Traceback (most recent call last):
  File "/Users/jaklusmeyer/code/SONG_iodine/pyodine/timeseries/base.py", line 43, in __init__
    self.load_combined(self.filename)
  File "/Users/jaklusmeyer/code/SONG_iodine/pyodine/timeseries/base.py", line 471, in load_combined
    with h5py.File(filename, 'r') as h:
  File "/Users/jaklusmeyer/miniconda/envs/SONG_iodine/lib/python3.9/site-packages/h5py/_hl/files.py", line 564, in __init__
    fid = make_fid(name, mode, userblock_size, fapl, fcpl, swmr=swmr)
  File "/Users/jaklusmeyer/miniconda/envs/SONG_iodine/lib/python3.9/site-packages/h5py/_hl/files.py", line 238, in make_fid
    fid = h5f.open(name, flags, fapl=fapl)
  File "h5py/_objects.pyx", line 54, in h5py._objects.with_phil.wrapper
  File "h5py/_objects.pyx", line 55, in h5py._objects.with_phil.wrapper
  File "h5py/h5f.pyx", line 102, in h5py.h5f.open
FileNotFoundError: [Errno 2] Unable to synchronously open file (unable to open file: name = '/Users/jaklusmeyer/code/NMSU/SONG/pyodine/tutorial_data/vel_results/sigdra_tutorial_comb.h5', errno = 2, error message = 'No such file or directory', flags = 0, o_flags = 0)
2025-03-03 19:05:26,513 - root - ERROR - Something went wrong!
Traceback (most recent call last):
  File "/Users/jaklusmeyer/code/SONG_iodine/pyodine_combine_vels.py", line 190, in combine_velocity_results
    Results.create_timeseries(weighting_pars=Pars.weighting_pars_song,
  File "/Users/jaklusmeyer/code/SONG_iodine/pyodine/timeseries/base.py", line 158, in create_timeseries
    tseries, self.auxiliary, self.weighting_pars = combine_chunk_velocities(
  File "/Users/jaklusmeyer/code/SONG_iodine/pyodine/timeseries/combine_vels.py", line 164, in combine_chunk_velocities
    offsets_chunk = robust_mean(vel_offset_corrected, axis=0)
  File "/Users/jaklusmeyer/code/SONG_iodine/pyodine/timeseries/misc.py", line 32, in robust_mean
    y[k] = robust.mean(x[ii,k])
  File "/Users/jaklusmeyer/code/SONG_iodine/pyodine/lib/robust.py", line 155, in mean
    dataSigma = dataSigma / math.sqrt(len(good) - 1)
ZeroDivisionError: float division by zero
2025-03-03 19:05:26,537 - root - ERROR - Problem loading combined results:
Traceback (most recent call last):
  File "/Users/jaklusmeyer/code/SONG_iodine/pyodine/timeseries/base.py", line 43, in __init__
    self.load_combined(self.filename)
  File "/Users/jaklusmeyer/code/SONG_iodine/pyodine/timeseries/base.py", line 471, in load_combined
    with h5py.File(filename, 'r') as h:
  File "/Users/jaklusmeyer/miniconda/envs/SONG_iodine/lib/python3.9/site-packages/h5py/_hl/files.py", line 564, in __init__
    fid = make_fid(name, mode, userblock_size, fapl, fcpl, swmr=swmr)
  File "/Users/jaklusmeyer/miniconda/envs/SONG_iodine/lib/python3.9/site-packages/h5py/_hl/files.py", line 238, in make_fid
    fid = h5f.open(name, flags, fapl=fapl)
  File "h5py/_objects.pyx", line 54, in h5py._objects.with_phil.wrapper
  File "h5py/_objects.pyx", line 55, in h5py._objects.with_phil.wrapper
  File "h5py/h5f.pyx", line 102, in h5py.h5f.open
FileNotFoundError: [Errno 2] Unable to synchronously open file (unable to open file: name = '/Users/jaklusmeyer/code/NMSU/SONG/pyodine/tutorial_data/vel_results/sigdra_tutorial_comb.h5', errno = 2, error message = 'No such file or directory', flags = 0, o_flags = 0)
2025-04-03 15:49:49,986 - root - ERROR - Something went wrong!
Traceback (most recent call last):
  File "/Users/jaklusmeyer/code/SONG_iodine/pyodine_combine_vels.py", line 190, in combine_velocity_results
    Results.create_timeseries(weighting_pars=Pars.weighting_pars_song,
  File "/Users/jaklusmeyer/code/SONG_iodine/pyodine/timeseries/base.py", line 158, in create_timeseries
    tseries, self.auxiliary, self.weighting_pars = combine_chunk_velocities(
  File "/Users/jaklusmeyer/code/SONG_iodine/pyodine/timeseries/combine_vels.py", line 164, in combine_chunk_velocities
    offsets_chunk = robust_mean(vel_offset_corrected, axis=0)
  File "/Users/jaklusmeyer/code/SONG_iodine/pyodine/timeseries/misc.py", line 32, in robust_mean
    y[k] = robust.mean(x[ii,k])
  File "/Users/jaklusmeyer/code/SONG_iodine/pyodine/lib/robust.py", line 155, in mean
    dataSigma = dataSigma / math.sqrt(len(good) - 1)
ZeroDivisionError: float division by zero
2025-04-03 15:49:50,010 - root - ERROR - Problem loading combined results:
Traceback (most recent call last):
  File "/Users/jaklusmeyer/code/SONG_iodine/pyodine/timeseries/base.py", line 43, in __init__
    self.load_combined(self.filename)
  File "/Users/jaklusmeyer/code/SONG_iodine/pyodine/timeseries/base.py", line 471, in load_combined
    with h5py.File(filename, 'r') as h:
  File "/Users/jaklusmeyer/miniconda/envs/SONG_iodine/lib/python3.9/site-packages/h5py/_hl/files.py", line 564, in __init__
    fid = make_fid(name, mode, userblock_size, fapl, fcpl, swmr=swmr)
  File "/Users/jaklusmeyer/miniconda/envs/SONG_iodine/lib/python3.9/site-packages/h5py/_hl/files.py", line 238, in make_fid
    fid = h5f.open(name, flags, fapl=fapl)
  File "h5py/_objects.pyx", line 54, in h5py._objects.with_phil.wrapper
  File "h5py/_objects.pyx", line 55, in h5py._objects.with_phil.wrapper
  File "h5py/h5f.pyx", line 102, in h5py.h5f.open
FileNotFoundError: [Errno 2] Unable to synchronously open file (unable to open file: name = '/Users/jaklusmeyer/code/NMSU/SONG/pyodine/tutorial_data/vel_results/sigdra_tutorial_comb.h5', errno = 2, error message = 'No such file or directory', flags = 0, o_flags = 0)
2025-04-17 17:26:46,150 - root - ERROR - Something went wrong!
Traceback (most recent call last):
  File "/Users/jaklusmeyer/code/SONG_iodine/pyodine_combine_vels.py", line 190, in combine_velocity_results
    Results.create_timeseries(weighting_pars=Pars.weighting_pars_song,
  File "/Users/jaklusmeyer/code/SONG_iodine/pyodine/timeseries/base.py", line 158, in create_timeseries
    tseries, self.auxiliary, self.weighting_pars = combine_chunk_velocities(
  File "/Users/jaklusmeyer/code/SONG_iodine/pyodine/timeseries/combine_vels.py", line 164, in combine_chunk_velocities
    offsets_chunk = robust_mean(vel_offset_corrected, axis=0)
  File "/Users/jaklusmeyer/code/SONG_iodine/pyodine/timeseries/misc.py", line 32, in robust_mean
    y[k] = robust.mean(x[ii,k])
  File "/Users/jaklusmeyer/code/SONG_iodine/pyodine/lib/robust.py", line 155, in mean
    dataSigma = dataSigma / math.sqrt(len(good) - 1)
ZeroDivisionError: float division by zero
2025-04-17 17:26:46,171 - root - ERROR - Problem loading combined results:
Traceback (most recent call last):
  File "/Users/jaklusmeyer/code/SONG_iodine/pyodine/timeseries/base.py", line 43, in __init__
    self.load_combined(self.filename)
  File "/Users/jaklusmeyer/code/SONG_iodine/pyodine/timeseries/base.py", line 471, in load_combined
    with h5py.File(filename, 'r') as h:
  File "/Users/jaklusmeyer/miniconda/envs/SONG_iodine/lib/python3.9/site-packages/h5py/_hl/files.py", line 564, in __init__
    fid = make_fid(name, mode, userblock_size, fapl, fcpl, swmr=swmr)
  File "/Users/jaklusmeyer/miniconda/envs/SONG_iodine/lib/python3.9/site-packages/h5py/_hl/files.py", line 238, in make_fid
    fid = h5f.open(name, flags, fapl=fapl)
  File "h5py/_objects.pyx", line 54, in h5py._objects.with_phil.wrapper
  File "h5py/_objects.pyx", line 55, in h5py._objects.with_phil.wrapper
  File "h5py/h5f.pyx", line 102, in h5py.h5f.open
FileNotFoundError: [Errno 2] Unable to synchronously open file (unable to open file: name = '/Users/jaklusmeyer/code/NMSU/SONG/pyodine/tutorial_data/vel_results/sigdra_tutorial_comb.h5', errno = 2, error message = 'No such file or directory', flags = 0, o_flags = 0)
2025-04-29 12:01:43,341 - root - ERROR - Something went wrong!
Traceback (most recent call last):
  File "/Users/jaklusmeyer/code/SONG_iodine/pyodine_combine_vels.py", line 190, in combine_velocity_results
    Results.create_timeseries(weighting_pars=Pars.weighting_pars_song,
  File "/Users/jaklusmeyer/code/SONG_iodine/pyodine/timeseries/base.py", line 158, in create_timeseries
    tseries, self.auxiliary, self.weighting_pars = combine_chunk_velocities(
  File "/Users/jaklusmeyer/code/SONG_iodine/pyodine/timeseries/combine_vels.py", line 164, in combine_chunk_velocities
    offsets_chunk = robust_mean(vel_offset_corrected, axis=0)
  File "/Users/jaklusmeyer/code/SONG_iodine/pyodine/timeseries/misc.py", line 32, in robust_mean
    y[k] = robust.mean(x[ii,k])
  File "/Users/jaklusmeyer/code/SONG_iodine/pyodine/lib/robust.py", line 155, in mean
    dataSigma = dataSigma / math.sqrt(len(good) - 1)
ZeroDivisionError: float division by zero
2025-04-29 12:01:43,359 - root - ERROR - Problem loading combined results:
Traceback (most recent call last):
  File "/Users/jaklusmeyer/code/SONG_iodine/pyodine/timeseries/base.py", line 43, in __init__
    self.load_combined(self.filename)
  File "/Users/jaklusmeyer/code/SONG_iodine/pyodine/timeseries/base.py", line 471, in load_combined
    with h5py.File(filename, 'r') as h:
  File "/Users/jaklusmeyer/miniconda/envs/SONG_iodine/lib/python3.9/site-packages/h5py/_hl/files.py", line 564, in __init__
    fid = make_fid(name, mode, userblock_size, fapl, fcpl, swmr=swmr)
  File "/Users/jaklusmeyer/miniconda/envs/SONG_iodine/lib/python3.9/site-packages/h5py/_hl/files.py", line 238, in make_fid
    fid = h5f.open(name, flags, fapl=fapl)
  File "h5py/_objects.pyx", line 54, in h5py._objects.with_phil.wrapper
  File "h5py/_objects.pyx", line 55, in h5py._objects.with_phil.wrapper
  File "h5py/h5f.pyx", line 102, in h5py.h5f.open
FileNotFoundError: [Errno 2] Unable to synchronously open file (unable to open file: name = '/Users/jaklusmeyer/code/NMSU/SONG/pyodine/tutorial_data/vel_results/sigdra_tutorial_comb.h5', errno = 2, error message = 'No such file or directory', flags = 0, o_flags = 0)
2025-05-08 17:15:19,237 - root - ERROR - Something went wrong!
Traceback (most recent call last):
  File "/Users/jaklusmeyer/code/SONG_iodine/pyodine_combine_vels.py", line 190, in combine_velocity_results
    Results.create_timeseries(weighting_pars=Pars.weighting_pars_song,
  File "/Users/jaklusmeyer/code/SONG_iodine/pyodine/timeseries/base.py", line 158, in create_timeseries
    tseries, self.auxiliary, self.weighting_pars = combine_chunk_velocities(
  File "/Users/jaklusmeyer/code/SONG_iodine/pyodine/timeseries/combine_vels.py", line 164, in combine_chunk_velocities
    offsets_chunk = robust_mean(vel_offset_corrected, axis=0)
  File "/Users/jaklusmeyer/code/SONG_iodine/pyodine/timeseries/misc.py", line 32, in robust_mean
    y[k] = robust.mean(x[ii,k])
  File "/Users/jaklusmeyer/code/SONG_iodine/pyodine/lib/robust.py", line 155, in mean
    dataSigma = dataSigma / math.sqrt(len(good) - 1)
ZeroDivisionError: float division by zero
2025-05-08 17:15:19,262 - root - ERROR - Problem loading combined results:
Traceback (most recent call last):
  File "/Users/jaklusmeyer/code/SONG_iodine/pyodine/timeseries/base.py", line 43, in __init__
    self.load_combined(self.filename)
  File "/Users/jaklusmeyer/code/SONG_iodine/pyodine/timeseries/base.py", line 471, in load_combined
    with h5py.File(filename, 'r') as h:
  File "/Users/jaklusmeyer/miniconda/envs/SONG_iodine/lib/python3.9/site-packages/h5py/_hl/files.py", line 564, in __init__
    fid = make_fid(name, mode, userblock_size, fapl, fcpl, swmr=swmr)
  File "/Users/jaklusmeyer/miniconda/envs/SONG_iodine/lib/python3.9/site-packages/h5py/_hl/files.py", line 238, in make_fid
    fid = h5f.open(name, flags, fapl=fapl)
  File "h5py/_objects.pyx", line 54, in h5py._objects.with_phil.wrapper
  File "h5py/_objects.pyx", line 55, in h5py._objects.with_phil.wrapper
  File "h5py/h5f.pyx", line 102, in h5py.h5f.open
FileNotFoundError: [Errno 2] Unable to synchronously open file (unable to open file: name = '/Users/jaklusmeyer/code/NMSU/SONG/pyodine/tutorial_data/vel_results/sigdra_tutorial_comb.h5', errno = 2, error message = 'No such file or directory', flags = 0, o_flags = 0)
2025-06-23 17:05:32,207 - root - ERROR - Something went wrong!
Traceback (most recent call last):
  File "/Users/jaklusmeyer/code/SONG_iodine/pyodine_combine_vels.py", line 190, in combine_velocity_results
    Results.create_timeseries(weighting_pars=Pars.weighting_pars_song,
  File "/Users/jaklusmeyer/code/SONG_iodine/pyodine/timeseries/base.py", line 158, in create_timeseries
    tseries, self.auxiliary, self.weighting_pars = combine_chunk_velocities(
  File "/Users/jaklusmeyer/code/SONG_iodine/pyodine/timeseries/combine_vels.py", line 164, in combine_chunk_velocities
    offsets_chunk = robust_mean(vel_offset_corrected, axis=0)
  File "/Users/jaklusmeyer/code/SONG_iodine/pyodine/timeseries/misc.py", line 32, in robust_mean
    y[k] = robust.mean(x[ii,k])
  File "/Users/jaklusmeyer/code/SONG_iodine/pyodine/lib/robust.py", line 155, in mean
    dataSigma = dataSigma / math.sqrt(len(good) - 1)
ZeroDivisionError: float division by zero
2025-06-23 17:05:32,234 - root - ERROR - Problem loading combined results:
Traceback (most recent call last):
  File "/Users/jaklusmeyer/code/SONG_iodine/pyodine/timeseries/base.py", line 43, in __init__
    self.load_combined(self.filename)
  File "/Users/jaklusmeyer/code/SONG_iodine/pyodine/timeseries/base.py", line 471, in load_combined
    with h5py.File(filename, 'r') as h:
  File "/Users/jaklusmeyer/miniconda/envs/SONG_iodine/lib/python3.9/site-packages/h5py/_hl/files.py", line 564, in __init__
    fid = make_fid(name, mode, userblock_size, fapl, fcpl, swmr=swmr)
  File "/Users/jaklusmeyer/miniconda/envs/SONG_iodine/lib/python3.9/site-packages/h5py/_hl/files.py", line 238, in make_fid
    fid = h5f.open(name, flags, fapl=fapl)
  File "h5py/_objects.pyx", line 54, in h5py._objects.with_phil.wrapper
  File "h5py/_objects.pyx", line 55, in h5py._objects.with_phil.wrapper
  File "h5py/h5f.pyx", line 102, in h5py.h5f.open
FileNotFoundError: [Errno 2] Unable to synchronously open file (unable to open file: name = '/Users/jaklusmeyer/code/NMSU/SONG/pyodine/tutorial_data/vel_results/sigdra_tutorial_comb.h5', errno = 2, error message = 'No such file or directory', flags = 0, o_flags = 0)
2025-06-23 19:21:20,088 - root - ERROR - Something went wrong!
Traceback (most recent call last):
  File "/Users/jaklusmeyer/code/SONG_iodine/pyodine_combine_vels.py", line 190, in combine_velocity_results
    Results.create_timeseries(weighting_pars=Pars.weighting_pars_song,
  File "/Users/jaklusmeyer/code/SONG_iodine/pyodine/timeseries/base.py", line 158, in create_timeseries
    tseries, self.auxiliary, self.weighting_pars = combine_chunk_velocities(
  File "/Users/jaklusmeyer/code/SONG_iodine/pyodine/timeseries/combine_vels.py", line 164, in combine_chunk_velocities
    offsets_chunk = robust_mean(vel_offset_corrected, axis=0)
  File "/Users/jaklusmeyer/code/SONG_iodine/pyodine/timeseries/misc.py", line 32, in robust_mean
    y[k] = robust.mean(x[ii,k])
  File "/Users/jaklusmeyer/code/SONG_iodine/pyodine/lib/robust.py", line 155, in mean
    dataSigma = dataSigma / math.sqrt(len(good) - 1)
ZeroDivisionError: float division by zero
2025-06-23 19:21:20,116 - root - ERROR - Problem loading combined results:
Traceback (most recent call last):
  File "/Users/jaklusmeyer/code/SONG_iodine/pyodine/timeseries/base.py", line 43, in __init__
    self.load_combined(self.filename)
  File "/Users/jaklusmeyer/code/SONG_iodine/pyodine/timeseries/base.py", line 471, in load_combined
    with h5py.File(filename, 'r') as h:
  File "/Users/jaklusmeyer/miniconda/envs/SONG_iodine/lib/python3.9/site-packages/h5py/_hl/files.py", line 564, in __init__
    fid = make_fid(name, mode, userblock_size, fapl, fcpl, swmr=swmr)
  File "/Users/jaklusmeyer/miniconda/envs/SONG_iodine/lib/python3.9/site-packages/h5py/_hl/files.py", line 238, in make_fid
    fid = h5f.open(name, flags, fapl=fapl)
  File "h5py/_objects.pyx", line 54, in h5py._objects.with_phil.wrapper
  File "h5py/_objects.pyx", line 55, in h5py._objects.with_phil.wrapper
  File "h5py/h5f.pyx", line 102, in h5py.h5f.open
FileNotFoundError: [Errno 2] Unable to synchronously open file (unable to open file: name = '/Users/jaklusmeyer/code/NMSU/SONG/pyodine/tutorial_data/vel_results/sigdra_tutorial_comb.h5', errno = 2, error message = 'No such file or directory', flags = 0, o_flags = 0)
2025-07-01 10:04:13,284 - root - ERROR - Something went wrong!
Traceback (most recent call last):
  File "/Users/jaklusmeyer/code/SONG_iodine/pyodine_combine_vels.py", line 190, in combine_velocity_results
    Results.create_timeseries(weighting_pars=Pars.weighting_pars_song,
  File "/Users/jaklusmeyer/code/SONG_iodine/pyodine/timeseries/base.py", line 158, in create_timeseries
    tseries, self.auxiliary, self.weighting_pars = combine_chunk_velocities(
  File "/Users/jaklusmeyer/code/SONG_iodine/pyodine/timeseries/combine_vels.py", line 164, in combine_chunk_velocities
    offsets_chunk = robust_mean(vel_offset_corrected, axis=0)
  File "/Users/jaklusmeyer/code/SONG_iodine/pyodine/timeseries/misc.py", line 32, in robust_mean
    y[k] = robust.mean(x[ii,k])
  File "/Users/jaklusmeyer/code/SONG_iodine/pyodine/lib/robust.py", line 155, in mean
    dataSigma = dataSigma / math.sqrt(len(good) - 1)
ZeroDivisionError: float division by zero
2025-07-01 10:04:13,315 - root - ERROR - Problem loading combined results:
Traceback (most recent call last):
  File "/Users/jaklusmeyer/code/SONG_iodine/pyodine/timeseries/base.py", line 43, in __init__
    self.load_combined(self.filename)
  File "/Users/jaklusmeyer/code/SONG_iodine/pyodine/timeseries/base.py", line 471, in load_combined
    with h5py.File(filename, 'r') as h:
  File "/Users/jaklusmeyer/miniconda/envs/SONG_iodine/lib/python3.9/site-packages/h5py/_hl/files.py", line 564, in __init__
    fid = make_fid(name, mode, userblock_size, fapl, fcpl, swmr=swmr)
  File "/Users/jaklusmeyer/miniconda/envs/SONG_iodine/lib/python3.9/site-packages/h5py/_hl/files.py", line 238, in make_fid
    fid = h5f.open(name, flags, fapl=fapl)
  File "h5py/_objects.pyx", line 54, in h5py._objects.with_phil.wrapper
  File "h5py/_objects.pyx", line 55, in h5py._objects.with_phil.wrapper
  File "h5py/h5f.pyx", line 102, in h5py.h5f.open
FileNotFoundError: [Errno 2] Unable to synchronously open file (unable to open file: name = '/Users/jaklusmeyer/code/NMSU/SONG/pyodine/tutorial_data/vel_results/sigdra_tutorial_comb.h5', errno = 2, error message = 'No such file or directory', flags = 0, o_flags = 0)
2025-10-02 18:58:46,563 - root - ERROR - Something went wrong!
Traceback (most recent call last):
  File "/Users/jaklusmeyer/code/SONG_iodine/pyodine_combine_vels.py", line 190, in combine_velocity_results
    Results.create_timeseries(weighting_pars=Pars.weighting_pars_song,
  File "/Users/jaklusmeyer/code/SONG_iodine/pyodine/timeseries/base.py", line 158, in create_timeseries
    tseries, self.auxiliary, self.weighting_pars = combine_chunk_velocities(
  File "/Users/jaklusmeyer/code/SONG_iodine/pyodine/timeseries/combine_vels.py", line 164, in combine_chunk_velocities
    offsets_chunk = robust_mean(vel_offset_corrected, axis=0)
  File "/Users/jaklusmeyer/code/SONG_iodine/pyodine/timeseries/misc.py", line 32, in robust_mean
    y[k] = robust.mean(x[ii,k])
  File "/Users/jaklusmeyer/code/SONG_iodine/pyodine/lib/robust.py", line 155, in mean
    dataSigma = dataSigma / math.sqrt(len(good) - 1)
ZeroDivisionError: float division by zero
2025-10-02 18:58:46,610 - root - ERROR - Problem loading combined results:
Traceback (most recent call last):
  File "/Users/jaklusmeyer/code/SONG_iodine/pyodine/timeseries/base.py", line 43, in __init__
    self.load_combined(self.filename)
  File "/Users/jaklusmeyer/code/SONG_iodine/pyodine/timeseries/base.py", line 471, in load_combined
    with h5py.File(filename, 'r') as h:
  File "/Users/jaklusmeyer/miniconda/envs/SONG_iodine/lib/python3.9/site-packages/h5py/_hl/files.py", line 564, in __init__
    fid = make_fid(name, mode, userblock_size, fapl, fcpl, swmr=swmr)
  File "/Users/jaklusmeyer/miniconda/envs/SONG_iodine/lib/python3.9/site-packages/h5py/_hl/files.py", line 238, in make_fid
    fid = h5f.open(name, flags, fapl=fapl)
  File "h5py/_objects.pyx", line 54, in h5py._objects.with_phil.wrapper
  File "h5py/_objects.pyx", line 55, in h5py._objects.with_phil.wrapper
  File "h5py/h5f.pyx", line 102, in h5py.h5f.open
FileNotFoundError: [Errno 2] Unable to synchronously open file (unable to open file: name = '/Users/jaklusmeyer/code/NMSU/SONG/pyodine/tutorial_data/vel_results/sigdra_tutorial_comb.h5', errno = 2, error message = 'No such file or directory', flags = 0, o_flags = 0)
