INFO - 
INFO - Branch: master
INFO - Hash: c2a71ac
INFO - ---------------------------
INFO - Working on: /Users/jaklusmeyer/code/NMSU/SONG/pyodine/tutorial_data/sigdra_obs_tutorial/s1_2015-05-07T03-35-22_ext.fits
INFO - 
INFO - Median flux of the observation: 9980
INFO - Loading template from file: /Users/jaklusmeyer/code/NMSU/SONG/pyodine/tutorial_data/temp_results/temp_sigdra_2018-05-16.h5
INFO - 
INFO - Order correction: -1
INFO - 
INFO - Measured velocity rel. to reference spectrum: 26.052 km/s
INFO - Template velocity: 25.136 km/s
INFO - Velocity guess: 0.916 km/s (relative to template)

INFO - (Barycentric velocity of observation: 1.276 km/s)
INFO - (Barycentric velocity of template: 2.026 km/s)

INFO - 
INFO - Barycentric redshift between template and observation: 
INFO - v = 749.7793999999997, z = 2.5009948715921323e-06

INFO - 
INFO - Total number of chunks: 528
INFO - Nr. chunks in order 0: 22
INFO - First and last covered pixel of chunks in order 0: 2, 2003
INFO - Orders: 17 - 40 (24 in total)
INFO - 
INFO - ----------------------
INFO - RUN 0
INFO - ----------------------
INFO - 
INFO - Constraining parameters for RUN 0
INFO - 
INFO - Number of chunks with no uncertainties: 0
INFO - Number of chunks with outliers: 0
INFO - Number of chunks with nan fitted red. Chi2: 0
INFO - 
INFO - Creating analysis plots...
INFO - 
INFO - ----------------------
INFO - RUN 1
INFO - ----------------------
INFO - 
INFO - Constraining parameters for RUN 1
INFO - 
INFO - Fitted LSF parameters:
INFO - <ParameterSet (values: 10)>
    left_1  =  8.903838682223299
    left_2  =  -8.924592735226486
    left_3  =  4.375148123751411
    left_4  =  -1.5042185409003266
    left_5  =  0.4075761316777383
    right1  =  8.903838723156483
    right2  =  -8.924592757847963
    right3  =  4.375148133213835
    right4  =  -1.5042185430179822
    right5  =  0.407576132053791
INFO - 
INFO - Number of chunks with no uncertainties: 1
INFO - Number of chunks with outliers: 0
INFO - Number of chunks with nan fitted red. Chi2: 0
INFO - 
INFO - Creating analysis plots...
INFO - Velocity robust mean: 805.9968693145457
INFO - Velocity robust std: 224.95188579191807
INFO - 
INFO - Velocity error robust mean: 87.83832113654562
INFO - Velocity error robust std: 71.7200736442907
INFO - 
INFO - Minimum error: 30.17235132962614 in chunk 253
INFO - Maximum error: 2203.434260991561 in chunk 400
INFO - 
INFO - Chunks with nan velocities: []
INFO - Chunks with nan velocity errors: [478]
INFO - Velocity error at percentile 80: 214.5717714160258
INFO - 
INFO - Time to model this observation: 171.33223581314087
INFO - 
INFO - Branch: master
INFO - Hash: c2a71ac
INFO - ---------------------------
INFO - Working on: /Users/jaklusmeyer/code/NMSU/SONG/pyodine/tutorial_data/sigdra_obs_tutorial/s1_2015-05-07T03-35-22_ext.fits
INFO - 
INFO - Median flux of the observation: 9980
INFO - Loading template from file: /Users/jaklusmeyer/code/NMSU/SONG/pyodine/tutorial_data/temp_results/temp_sigdra_2018-05-16.h5
INFO - 
INFO - Order correction: -1
INFO - 
INFO - Measured velocity rel. to reference spectrum: 26.052 km/s
INFO - Template velocity: 25.136 km/s
INFO - Velocity guess: 0.916 km/s (relative to template)

INFO - (Barycentric velocity of observation: 1.276 km/s)
INFO - (Barycentric velocity of template: 2.026 km/s)

INFO - 
INFO - Barycentric redshift between template and observation: 
INFO - v = 749.7793999999997, z = 2.5009948715921323e-06

INFO - 
INFO - Total number of chunks: 528
INFO - Nr. chunks in order 0: 22
INFO - First and last covered pixel of chunks in order 0: 2, 2003
INFO - Orders: 17 - 40 (24 in total)
INFO - 
INFO - ----------------------
INFO - RUN 0
INFO - ----------------------
INFO - 
INFO - Constraining parameters for RUN 0
INFO - 
INFO - Number of chunks with no uncertainties: 0
INFO - Number of chunks with outliers: 0
INFO - Number of chunks with nan fitted red. Chi2: 0
INFO - 
INFO - Creating analysis plots...
INFO - 
INFO - ----------------------
INFO - RUN 1
INFO - ----------------------
INFO - 
INFO - Constraining parameters for RUN 1
INFO - 
INFO - Fitted LSF parameters:
INFO - <ParameterSet (values: 10)>
    left_1  =  8.903838682223299
    left_2  =  -8.924592735226486
    left_3  =  4.375148123751411
    left_4  =  -1.5042185409003266
    left_5  =  0.4075761316777383
    right1  =  8.903838723156483
    right2  =  -8.924592757847963
    right3  =  4.375148133213835
    right4  =  -1.5042185430179822
    right5  =  0.407576132053791
INFO - 
INFO - Number of chunks with no uncertainties: 1
INFO - Number of chunks with outliers: 0
INFO - Number of chunks with nan fitted red. Chi2: 0
INFO - 
INFO - Creating analysis plots...
INFO - Velocity robust mean: 805.9968693145457
INFO - Velocity robust std: 224.95188579191807
INFO - 
INFO - Velocity error robust mean: 87.83832113654562
INFO - Velocity error robust std: 71.7200736442907
INFO - 
INFO - Minimum error: 30.17235132962614 in chunk 253
INFO - Maximum error: 2203.434260991561 in chunk 400
INFO - 
INFO - Chunks with nan velocities: []
INFO - Chunks with nan velocity errors: [478]
INFO - Velocity error at percentile 80: 214.5717714160258
INFO - 
INFO - Time to model this observation: 169.66903400421143
INFO - 
INFO - Branch: master
INFO - Hash: c2a71ac
INFO - ---------------------------
INFO - Working on: /Users/jaklusmeyer/code/NMSU/SONG/pyodine/tutorial_data/sigdra_obs_tutorial/s1_2015-05-07T03-35-22_ext.fits
INFO - 
INFO - Median flux of the observation: 9980
INFO - Loading template from file: /Users/jaklusmeyer/code/NMSU/SONG/pyodine/tutorial_data/temp_results/temp_sigdra_2018-05-16.h5
INFO - 
INFO - Order correction: -1
INFO - 
INFO - Measured velocity rel. to reference spectrum: 26.052 km/s
INFO - Template velocity: 25.136 km/s
INFO - Velocity guess: 0.916 km/s (relative to template)

INFO - (Barycentric velocity of observation: 1.276 km/s)
INFO - (Barycentric velocity of template: 2.026 km/s)

INFO - 
INFO - Barycentric redshift between template and observation: 
INFO - v = 749.7793999999997, z = 2.5009948715921323e-06

INFO - 
INFO - Total number of chunks: 528
INFO - Nr. chunks in order 0: 22
INFO - First and last covered pixel of chunks in order 0: 2, 2003
INFO - Orders: 17 - 40 (24 in total)
INFO - 
INFO - ----------------------
INFO - RUN 0
INFO - ----------------------
INFO - 
INFO - Constraining parameters for RUN 0
INFO - 
INFO - Number of chunks with no uncertainties: 0
INFO - Number of chunks with outliers: 0
INFO - Number of chunks with nan fitted red. Chi2: 0
INFO - 
INFO - Creating analysis plots...
INFO - 
INFO - ----------------------
INFO - RUN 1
INFO - ----------------------
INFO - 
INFO - Constraining parameters for RUN 1
INFO - 
INFO - Fitted LSF parameters:
INFO - <ParameterSet (values: 10)>
    left_1  =  8.903838682223299
    left_2  =  -8.924592735226486
    left_3  =  4.375148123751411
    left_4  =  -1.5042185409003266
    left_5  =  0.4075761316777383
    right1  =  8.903838723156483
    right2  =  -8.924592757847963
    right3  =  4.375148133213835
    right4  =  -1.5042185430179822
    right5  =  0.407576132053791
INFO - 
INFO - Number of chunks with no uncertainties: 1
INFO - Number of chunks with outliers: 0
INFO - Number of chunks with nan fitted red. Chi2: 0
INFO - 
INFO - Creating analysis plots...
INFO - Velocity robust mean: 805.9968693145457
INFO - Velocity robust std: 224.95188579191807
INFO - 
INFO - Velocity error robust mean: 87.83832113654562
INFO - Velocity error robust std: 71.7200736442907
INFO - 
INFO - Minimum error: 30.17235132962614 in chunk 253
INFO - Maximum error: 2203.434260991561 in chunk 400
INFO - 
INFO - Chunks with nan velocities: []
INFO - Chunks with nan velocity errors: [478]
INFO - Velocity error at percentile 80: 214.5717714160258
INFO - 
INFO - Time to model this observation: 208.510427236557
