INFO - 
INFO - Branch: master
INFO - Hash: c2a71ac
INFO - ---------------------------
INFO - Working on: /Users/jaklusmeyer/code/NMSU/SONG/pyodine/tutorial_data/sigdra_obs_tutorial/s1_2015-05-04T04-30-14_ext.fits
INFO - 
INFO - Median flux of the observation: 21585
INFO - Loading template from file: /Users/jaklusmeyer/code/NMSU/SONG/pyodine/tutorial_data/temp_results/temp_sigdra_2018-05-16.h5
INFO - 
INFO - Order correction: -1
INFO - 
INFO - Measured velocity rel. to reference spectrum: 26.544 km/s
INFO - Template velocity: 25.136 km/s
INFO - Velocity guess: 1.408 km/s (relative to template)

INFO - (Barycentric velocity of observation: 1.024 km/s)
INFO - (Barycentric velocity of template: 2.026 km/s)

INFO - 
INFO - Barycentric redshift between template and observation: 
INFO - v = 1001.6978999999997, z = 3.341304536753889e-06

INFO - 
INFO - Total number of chunks: 528
INFO - Nr. chunks in order 0: 22
INFO - First and last covered pixel of chunks in order 0: 3, 2003
INFO - Orders: 17 - 40 (24 in total)
INFO - 
INFO - ----------------------
INFO - RUN 0
INFO - ----------------------
INFO - 
INFO - Constraining parameters for RUN 0
INFO - 
INFO - Number of chunks with no uncertainties: 0
INFO - Number of chunks with outliers: 0
INFO - Number of chunks with nan fitted red. Chi2: 0
INFO - 
INFO - Creating analysis plots...
INFO - 
INFO - ----------------------
INFO - RUN 1
INFO - ----------------------
INFO - 
INFO - Constraining parameters for RUN 1
INFO - 
INFO - Fitted LSF parameters:
INFO - <ParameterSet (values: 10)>
    left_1  =  8.8004730550087
    left_2  =  -8.917608943979898
    left_3  =  4.363036263837837
    left_4  =  -1.5017987452409522
    left_5  =  0.4069791919239972
    right1  =  8.800473112870677
    right2  =  -8.917608982765753
    right3  =  4.3630362827957265
    right4  =  -1.5017987518067273
    right5  =  0.4069791937496568
INFO - 
INFO - Number of chunks with no uncertainties: 2
INFO - Number of chunks with outliers: 0
INFO - Number of chunks with nan fitted red. Chi2: 0
INFO - 
INFO - Creating analysis plots...
INFO - Velocity robust mean: 1063.5021006612642
INFO - Velocity robust std: 215.44574193206506
INFO - 
INFO - Velocity error robust mean: 69.6167849803089
INFO - Velocity error robust std: 62.2131574610239
INFO - 
INFO - Minimum error: 20.055626682840547 in chunk 74
INFO - Maximum error: 5740.5791097271485 in chunk 439
INFO - 
INFO - Chunks with nan velocities: []
INFO - Chunks with nan velocity errors: [425 476]
INFO - Velocity error at percentile 80: 193.7430769232021
INFO - 
INFO - Time to model this observation: 192.91815495491028
INFO - 
INFO - Branch: master
INFO - Hash: c2a71ac
INFO - ---------------------------
INFO - Working on: /Users/jaklusmeyer/code/NMSU/SONG/pyodine/tutorial_data/sigdra_obs_tutorial/s1_2015-05-04T04-30-14_ext.fits
INFO - 
INFO - Median flux of the observation: 21585
INFO - Loading template from file: /Users/jaklusmeyer/code/NMSU/SONG/pyodine/tutorial_data/temp_results/temp_sigdra_2018-05-16.h5
INFO - 
INFO - Order correction: -1
INFO - 
INFO - Measured velocity rel. to reference spectrum: 26.544 km/s
INFO - Template velocity: 25.136 km/s
INFO - Velocity guess: 1.408 km/s (relative to template)

INFO - (Barycentric velocity of observation: 1.024 km/s)
INFO - (Barycentric velocity of template: 2.026 km/s)

INFO - 
INFO - Barycentric redshift between template and observation: 
INFO - v = 1001.6978999999997, z = 3.341304536753889e-06

INFO - 
INFO - Total number of chunks: 528
INFO - Nr. chunks in order 0: 22
INFO - First and last covered pixel of chunks in order 0: 3, 2003
INFO - Orders: 17 - 40 (24 in total)
INFO - 
INFO - ----------------------
INFO - RUN 0
INFO - ----------------------
INFO - 
INFO - Constraining parameters for RUN 0
INFO - 
INFO - Number of chunks with no uncertainties: 0
INFO - Number of chunks with outliers: 0
INFO - Number of chunks with nan fitted red. Chi2: 0
INFO - 
INFO - Creating analysis plots...
INFO - 
INFO - ----------------------
INFO - RUN 1
INFO - ----------------------
INFO - 
INFO - Constraining parameters for RUN 1
INFO - 
INFO - Fitted LSF parameters:
INFO - <ParameterSet (values: 10)>
    left_1  =  8.8004730550087
    left_2  =  -8.917608943979898
    left_3  =  4.363036263837837
    left_4  =  -1.5017987452409522
    left_5  =  0.4069791919239972
    right1  =  8.800473112870677
    right2  =  -8.917608982765753
    right3  =  4.3630362827957265
    right4  =  -1.5017987518067273
    right5  =  0.4069791937496568
INFO - 
INFO - Number of chunks with no uncertainties: 2
INFO - Number of chunks with outliers: 0
INFO - Number of chunks with nan fitted red. Chi2: 0
INFO - 
INFO - Creating analysis plots...
INFO - Velocity robust mean: 1063.5021006612642
INFO - Velocity robust std: 215.44574193206506
INFO - 
INFO - Velocity error robust mean: 69.6167849803089
INFO - Velocity error robust std: 62.2131574610239
INFO - 
INFO - Minimum error: 20.055626682840547 in chunk 74
INFO - Maximum error: 5740.5791097271485 in chunk 439
INFO - 
INFO - Chunks with nan velocities: []
INFO - Chunks with nan velocity errors: [425 476]
INFO - Velocity error at percentile 80: 193.7430769232021
INFO - 
INFO - Time to model this observation: 186.59750699996948
INFO - 
INFO - Branch: master
INFO - Hash: c2a71ac
INFO - ---------------------------
INFO - Working on: /Users/jaklusmeyer/code/NMSU/SONG/pyodine/tutorial_data/sigdra_obs_tutorial/s1_2015-05-04T04-30-14_ext.fits
INFO - 
INFO - Median flux of the observation: 21585
INFO - Loading template from file: /Users/jaklusmeyer/code/NMSU/SONG/pyodine/tutorial_data/temp_results/temp_sigdra_2018-05-16.h5
INFO - 
INFO - Order correction: -1
INFO - 
INFO - Measured velocity rel. to reference spectrum: 26.544 km/s
INFO - Template velocity: 25.136 km/s
INFO - Velocity guess: 1.408 km/s (relative to template)

INFO - (Barycentric velocity of observation: 1.024 km/s)
INFO - (Barycentric velocity of template: 2.026 km/s)

INFO - 
INFO - Barycentric redshift between template and observation: 
INFO - v = 1001.6978999999997, z = 3.341304536753889e-06

INFO - 
INFO - Total number of chunks: 528
INFO - Nr. chunks in order 0: 22
INFO - First and last covered pixel of chunks in order 0: 3, 2003
INFO - Orders: 17 - 40 (24 in total)
INFO - 
INFO - ----------------------
INFO - RUN 0
INFO - ----------------------
INFO - 
INFO - Constraining parameters for RUN 0
INFO - 
INFO - Number of chunks with no uncertainties: 0
INFO - Number of chunks with outliers: 0
INFO - Number of chunks with nan fitted red. Chi2: 0
INFO - 
INFO - Creating analysis plots...
INFO - 
INFO - ----------------------
INFO - RUN 1
INFO - ----------------------
INFO - 
INFO - Constraining parameters for RUN 1
INFO - 
INFO - Fitted LSF parameters:
INFO - <ParameterSet (values: 10)>
    left_1  =  8.8004730550087
    left_2  =  -8.917608943979898
    left_3  =  4.363036263837837
    left_4  =  -1.5017987452409522
    left_5  =  0.4069791919239972
    right1  =  8.800473112870677
    right2  =  -8.917608982765753
    right3  =  4.3630362827957265
    right4  =  -1.5017987518067273
    right5  =  0.4069791937496568
INFO - 
INFO - Number of chunks with no uncertainties: 2
INFO - Number of chunks with outliers: 0
INFO - Number of chunks with nan fitted red. Chi2: 0
INFO - 
INFO - Creating analysis plots...
INFO - Velocity robust mean: 1063.5021006612642
INFO - Velocity robust std: 215.44574193206506
INFO - 
INFO - Velocity error robust mean: 69.6167849803089
INFO - Velocity error robust std: 62.2131574610239
INFO - 
INFO - Minimum error: 20.055626682840547 in chunk 74
INFO - Maximum error: 5740.5791097271485 in chunk 439
INFO - 
INFO - Chunks with nan velocities: []
INFO - Chunks with nan velocity errors: [425 476]
INFO - Velocity error at percentile 80: 193.7430769232021
INFO - 
INFO - Time to model this observation: 228.19021105766296
