INFO - 
INFO - Branch: liveversion
INFO - Hash: 19620dc
INFO - ---------------------------
INFO - Working on: /home/paul/pyodine/tutorial_data/sigdra_obs_tutorial/s1_2015-05-02T04-00-54_ext.fits
INFO - 
INFO - Median flux of the observation: 30308
INFO - Loading template from file: /home/paul/pyodine/tutorial_data/temp_results/temp_sigdra_2018-05-16.h5
INFO - 
INFO - Order correction: -1
INFO - 
INFO - Measured velocity rel. to reference spectrum: 26.636 km/s
INFO - Template velocity: 25.136 km/s
INFO - Velocity guess: 1.499 km/s (relative to template)

INFO - (Barycentric velocity of observation: 0.888 km/s)
INFO - (Barycentric velocity of template: 2.026 km/s)

INFO - 
INFO - Barycentric redshift between template and observation: 
INFO - v = 1137.2821, z = 3.7935647467155423e-06

INFO - 
INFO - Total number of chunks: 528
INFO - Nr. chunks in order 0: 22
INFO - First and last covered pixel of chunks in order 0: 3, 2004
INFO - Orders: 17 - 40 (24 in total)
INFO - 
INFO - ----------------------
INFO - RUN 0
INFO - ----------------------
INFO - 
INFO - Constraining parameters for RUN 0
INFO - 
INFO - Number of chunks with no uncertainties: 0
INFO - Number of chunks with outliers: 0
INFO - Number of chunks with nan fitted red. Chi2: 0
INFO - 
INFO - Creating analysis plots...
INFO - 
INFO - ----------------------
INFO - RUN 1
INFO - ----------------------
INFO - 
INFO - Constraining parameters for RUN 1
INFO - 
INFO - Fitted LSF parameters:
INFO - <ParameterSet (values: 10)>
    left_1  =  8.125704780562769
    left_2  =  -8.908972881384686
    left_3  =  4.394333450313437
    left_4  =  -1.5034357319441614
    left_5  =  0.39481547015089263
    right1  =  8.12570263643932
    right2  =  -8.908971214711197
    right3  =  4.394332800162248
    right4  =  -1.5034355302671516
    right5  =  0.39481540865235076
INFO - 
INFO - Number of chunks with no uncertainties: 0
INFO - Number of chunks with outliers: 0
INFO - Number of chunks with nan fitted red. Chi2: 0
INFO - 
INFO - Creating analysis plots...
INFO - Velocity robust mean: 1199.3344874767815
INFO - Velocity robust std: 202.05154305380847
INFO - 
INFO - Velocity error robust mean: 68.5977937857834
INFO - Velocity error robust std: 60.73522650371908
INFO - 
INFO - Minimum error: 17.418217691788996 in chunk 81
INFO - Maximum error: 8550.198669152562 in chunk 479
INFO - 
INFO - Chunks with nan velocities: []
INFO - Chunks with nan velocity errors: []
INFO - Velocity error at percentile 80: 178.300578447774
INFO - 
INFO - Time to model this observation: 252.4087827205658
