INFO - 
INFO - Branch: liveversion
INFO - Hash: 19620dc
INFO - ---------------------------
INFO - Working on: /home/paul/pyodine/tutorial_data/sigdra_obs_tutorial/s1_2015-05-03T04-25-41_ext.fits
INFO - 
INFO - Median flux of the observation: 18787
INFO - Loading template from file: /home/paul/pyodine/tutorial_data/temp_results/temp_sigdra_2018-05-16.h5
INFO - 
INFO - Order correction: -1
INFO - 
INFO - Measured velocity rel. to reference spectrum: 26.535 km/s
INFO - Template velocity: 25.136 km/s
INFO - Velocity guess: 1.399 km/s (relative to template)

INFO - (Barycentric velocity of observation: 0.951 km/s)
INFO - (Barycentric velocity of template: 2.026 km/s)

INFO - 
INFO - Barycentric redshift between template and observation: 
INFO - v = 1074.4160999999997, z = 3.5838663426282716e-06

INFO - 
INFO - Total number of chunks: 528
INFO - Nr. chunks in order 0: 22
INFO - First and last covered pixel of chunks in order 0: 3, 2004
INFO - Orders: 17 - 40 (24 in total)
INFO - 
INFO - ----------------------
INFO - RUN 0
INFO - ----------------------
INFO - 
INFO - Constraining parameters for RUN 0
INFO - 
INFO - Number of chunks with no uncertainties: 0
INFO - Number of chunks with outliers: 0
INFO - Number of chunks with nan fitted red. Chi2: 0
INFO - 
INFO - Creating analysis plots...
INFO - 
INFO - ----------------------
INFO - RUN 1
INFO - ----------------------
INFO - 
INFO - Constraining parameters for RUN 1
INFO - 
INFO - Fitted LSF parameters:
INFO - <ParameterSet (values: 10)>
    left_1  =  8.435369773266846
    left_2  =  -8.910580450729642
    left_3  =  4.354138718346796
    left_4  =  -1.4910184939543256
    left_5  =  0.3977860733076598
    right1  =  8.435362227026205
    right2  =  -8.910572765888457
    right3  =  4.354133993176743
    right4  =  -1.491016232606862
    right5  =  0.397785321075927
INFO - 
INFO - Number of chunks with no uncertainties: 0
INFO - Number of chunks with outliers: 0
INFO - Number of chunks with nan fitted red. Chi2: 0
INFO - 
INFO - Creating analysis plots...
INFO - Velocity robust mean: 1135.5297423375066
INFO - Velocity robust std: 216.11748293526827
INFO - 
INFO - Velocity error robust mean: 72.80285554777355
INFO - Velocity error robust std: 65.17713412380276
INFO - 
INFO - Minimum error: 23.454064314869456 in chunk 54
INFO - Maximum error: 29319.63857704197 in chunk 437
INFO - 
INFO - Chunks with nan velocities: []
INFO - Chunks with nan velocity errors: []
INFO - Velocity error at percentile 80: 197.34404700290517
INFO - 
INFO - Time to model this observation: 241.9503936767578
