INFO - 
INFO - Branch: liveversion
INFO - Hash: 19620dc
INFO - ---------------------------
INFO - Working on: /home/paul/pyodine/tutorial_data/sigdra_obs_tutorial/s1_2015-05-03T04-19-38_ext.fits
INFO - 
INFO - Median flux of the observation: 19191
INFO - Loading template from file: /home/paul/pyodine/tutorial_data/temp_results/temp_sigdra_2018-05-16.h5
INFO - 
INFO - Order correction: -1
INFO - 
INFO - Measured velocity rel. to reference spectrum: 26.510 km/s
INFO - Template velocity: 25.136 km/s
INFO - Velocity guess: 1.374 km/s (relative to template)

INFO - (Barycentric velocity of observation: 0.954 km/s)
INFO - (Barycentric velocity of template: 2.026 km/s)

INFO - 
INFO - Barycentric redshift between template and observation: 
INFO - v = 1071.2612, z = 3.573342728988866e-06

INFO - 
INFO - Total number of chunks: 528
INFO - Nr. chunks in order 0: 22
INFO - First and last covered pixel of chunks in order 0: 3, 2004
INFO - Orders: 17 - 40 (24 in total)
INFO - 
INFO - ----------------------
INFO - RUN 0
INFO - ----------------------
INFO - 
INFO - Constraining parameters for RUN 0
INFO - 
INFO - Number of chunks with no uncertainties: 0
INFO - Number of chunks with outliers: 0
INFO - Number of chunks with nan fitted red. Chi2: 0
INFO - 
INFO - Creating analysis plots...
INFO - 
INFO - ----------------------
INFO - RUN 1
INFO - ----------------------
INFO - 
INFO - Constraining parameters for RUN 1
INFO - 
INFO - Fitted LSF parameters:
INFO - <ParameterSet (values: 10)>
    left_1  =  8.556802744970918
    left_2  =  -8.876911062158916
    left_3  =  4.336051947401592
    left_4  =  -1.4954534550686553
    left_5  =  0.40543987149750044
    right1  =  8.55678220866055
    right2  =  -8.876896841892783
    right3  =  4.336045825656349
    right4  =  -1.4954515997859998
    right5  =  0.4054394104150012
INFO - 
INFO - Number of chunks with no uncertainties: 0
INFO - Number of chunks with outliers: 0
INFO - Number of chunks with nan fitted red. Chi2: 0
INFO - 
INFO - Creating analysis plots...
INFO - Velocity robust mean: 1132.7188938427853
INFO - Velocity robust std: 235.56951102772953
INFO - 
INFO - Velocity error robust mean: 74.55479818186856
INFO - Velocity error robust std: 66.51477762618602
INFO - 
INFO - Minimum error: 23.044635677146246 in chunk 54
INFO - Maximum error: 2035.160958485829 in chunk 466
INFO - 
INFO - Chunks with nan velocities: []
INFO - Chunks with nan velocity errors: []
INFO - Velocity error at percentile 80: 192.17651066860412
INFO - 
INFO - Time to model this observation: 257.5851821899414
