INFO - 
INFO - Branch: master
INFO - Hash: c2a71ac
INFO - ---------------------------
INFO - Working on: /Users/jaklusmeyer/code/NMSU/SONG/pyodine/tutorial_data/sigdra_obs_tutorial/s1_2015-05-08T04-08-33_ext.fits
INFO - 
INFO - Median flux of the observation: 16859
INFO - Loading template from file: /Users/jaklusmeyer/code/NMSU/SONG/pyodine/tutorial_data/temp_results/temp_sigdra_2018-05-16.h5
INFO - 
INFO - Order correction: -1
INFO - 
INFO - Measured velocity rel. to reference spectrum: 26.054 km/s
INFO - Template velocity: 25.136 km/s
INFO - Velocity guess: 0.918 km/s (relative to template)

INFO - (Barycentric velocity of observation: 1.333 km/s)
INFO - (Barycentric velocity of template: 2.026 km/s)

INFO - 
INFO - Barycentric redshift between template and observation: 
INFO - v = 692.5601999999997, z = 2.3101321648325113e-06

INFO - 
INFO - Total number of chunks: 528
INFO - Nr. chunks in order 0: 22
INFO - First and last covered pixel of chunks in order 0: 2, 2003
INFO - Orders: 17 - 40 (24 in total)
INFO - 
INFO - ----------------------
INFO - RUN 0
INFO - ----------------------
INFO - 
INFO - Constraining parameters for RUN 0
INFO - 
INFO - Number of chunks with no uncertainties: 0
INFO - Number of chunks with outliers: 0
INFO - Number of chunks with nan fitted red. Chi2: 0
INFO - 
INFO - Creating analysis plots...
INFO - 
INFO - ----------------------
INFO - RUN 1
INFO - ----------------------
INFO - 
INFO - Constraining parameters for RUN 1
INFO - 
INFO - Fitted LSF parameters:
INFO - <ParameterSet (values: 10)>
    left_1  =  8.724939286672514
    left_2  =  -8.908476628079294
    left_3  =  4.354588839361815
    left_4  =  -1.4999255505521911
    left_5  =  0.40652283196343764
    right1  =  8.724939361674801
    right2  =  -8.90847667309965
    right3  =  4.354588857056105
    right4  =  -1.499925554605047
    right5  =  0.40652283269679523
INFO - 
INFO - Number of chunks with no uncertainties: 3
INFO - Number of chunks with outliers: 0
INFO - Number of chunks with nan fitted red. Chi2: 0
INFO - 
INFO - Creating analysis plots...
INFO - Velocity robust mean: 738.3218065492013
INFO - Velocity robust std: 218.68002909179467
INFO - 
INFO - Velocity error robust mean: 73.22636709903932
INFO - Velocity error robust std: 62.22453806479329
INFO - 
INFO - Minimum error: 26.659802219058246 in chunk 81
INFO - Maximum error: 2699.726455707482 in chunk 438
INFO - 
INFO - Chunks with nan velocities: []
INFO - Chunks with nan velocity errors: [125 326 495]
INFO - Velocity error at percentile 80: 185.45473846100245
INFO - 
INFO - Time to model this observation: 179.80529689788818
INFO - 
INFO - Branch: master
INFO - Hash: c2a71ac
INFO - ---------------------------
INFO - Working on: /Users/jaklusmeyer/code/NMSU/SONG/pyodine/tutorial_data/sigdra_obs_tutorial/s1_2015-05-08T04-08-33_ext.fits
INFO - 
INFO - Median flux of the observation: 16859
INFO - Loading template from file: /Users/jaklusmeyer/code/NMSU/SONG/pyodine/tutorial_data/temp_results/temp_sigdra_2018-05-16.h5
INFO - 
INFO - Order correction: -1
INFO - 
INFO - Measured velocity rel. to reference spectrum: 26.054 km/s
INFO - Template velocity: 25.136 km/s
INFO - Velocity guess: 0.918 km/s (relative to template)

INFO - (Barycentric velocity of observation: 1.333 km/s)
INFO - (Barycentric velocity of template: 2.026 km/s)

INFO - 
INFO - Barycentric redshift between template and observation: 
INFO - v = 692.5601999999997, z = 2.3101321648325113e-06

INFO - 
INFO - Total number of chunks: 528
INFO - Nr. chunks in order 0: 22
INFO - First and last covered pixel of chunks in order 0: 2, 2003
INFO - Orders: 17 - 40 (24 in total)
INFO - 
INFO - ----------------------
INFO - RUN 0
INFO - ----------------------
INFO - 
INFO - Constraining parameters for RUN 0
INFO - 
INFO - Number of chunks with no uncertainties: 0
INFO - Number of chunks with outliers: 0
INFO - Number of chunks with nan fitted red. Chi2: 0
INFO - 
INFO - Creating analysis plots...
INFO - 
INFO - ----------------------
INFO - RUN 1
INFO - ----------------------
INFO - 
INFO - Constraining parameters for RUN 1
INFO - 
INFO - Fitted LSF parameters:
INFO - <ParameterSet (values: 10)>
    left_1  =  8.724939286672514
    left_2  =  -8.908476628079294
    left_3  =  4.354588839361815
    left_4  =  -1.4999255505521911
    left_5  =  0.40652283196343764
    right1  =  8.724939361674801
    right2  =  -8.90847667309965
    right3  =  4.354588857056105
    right4  =  -1.499925554605047
    right5  =  0.40652283269679523
INFO - 
INFO - Number of chunks with no uncertainties: 3
INFO - Number of chunks with outliers: 0
INFO - Number of chunks with nan fitted red. Chi2: 0
INFO - 
INFO - Creating analysis plots...
INFO - Velocity robust mean: 738.3218065492013
INFO - Velocity robust std: 218.68002909179467
INFO - 
INFO - Velocity error robust mean: 73.22636709903932
INFO - Velocity error robust std: 62.22453806479329
INFO - 
INFO - Minimum error: 26.659802219058246 in chunk 81
INFO - Maximum error: 2699.726455707482 in chunk 438
INFO - 
INFO - Chunks with nan velocities: []
INFO - Chunks with nan velocity errors: [125 326 495]
INFO - Velocity error at percentile 80: 185.45473846100245
INFO - 
INFO - Time to model this observation: 184.06935691833496
INFO - 
INFO - Branch: master
INFO - Hash: c2a71ac
INFO - ---------------------------
INFO - Working on: /Users/jaklusmeyer/code/NMSU/SONG/pyodine/tutorial_data/sigdra_obs_tutorial/s1_2015-05-08T04-08-33_ext.fits
INFO - 
INFO - Median flux of the observation: 16859
INFO - Loading template from file: /Users/jaklusmeyer/code/NMSU/SONG/pyodine/tutorial_data/temp_results/temp_sigdra_2018-05-16.h5
INFO - 
INFO - Order correction: -1
INFO - 
INFO - Measured velocity rel. to reference spectrum: 26.054 km/s
INFO - Template velocity: 25.136 km/s
INFO - Velocity guess: 0.918 km/s (relative to template)

INFO - (Barycentric velocity of observation: 1.333 km/s)
INFO - (Barycentric velocity of template: 2.026 km/s)

INFO - 
INFO - Barycentric redshift between template and observation: 
INFO - v = 692.5601999999997, z = 2.3101321648325113e-06

INFO - 
INFO - Total number of chunks: 528
INFO - Nr. chunks in order 0: 22
INFO - First and last covered pixel of chunks in order 0: 2, 2003
INFO - Orders: 17 - 40 (24 in total)
INFO - 
INFO - ----------------------
INFO - RUN 0
INFO - ----------------------
INFO - 
INFO - Constraining parameters for RUN 0
INFO - 
INFO - Number of chunks with no uncertainties: 0
INFO - Number of chunks with outliers: 0
INFO - Number of chunks with nan fitted red. Chi2: 0
INFO - 
INFO - Creating analysis plots...
INFO - 
INFO - ----------------------
INFO - RUN 1
INFO - ----------------------
INFO - 
INFO - Constraining parameters for RUN 1
INFO - 
INFO - Fitted LSF parameters:
INFO - <ParameterSet (values: 10)>
    left_1  =  8.724939286672514
    left_2  =  -8.908476628079294
    left_3  =  4.354588839361815
    left_4  =  -1.4999255505521911
    left_5  =  0.40652283196343764
    right1  =  8.724939361674801
    right2  =  -8.90847667309965
    right3  =  4.354588857056105
    right4  =  -1.499925554605047
    right5  =  0.40652283269679523
INFO - 
INFO - Number of chunks with no uncertainties: 3
INFO - Number of chunks with outliers: 0
INFO - Number of chunks with nan fitted red. Chi2: 0
INFO - 
INFO - Creating analysis plots...
INFO - Velocity robust mean: 738.3218065492013
INFO - Velocity robust std: 218.68002909179467
INFO - 
INFO - Velocity error robust mean: 73.22636709903932
INFO - Velocity error robust std: 62.22453806479329
INFO - 
INFO - Minimum error: 26.659802219058246 in chunk 81
INFO - Maximum error: 2699.726455707482 in chunk 438
INFO - 
INFO - Chunks with nan velocities: []
INFO - Chunks with nan velocity errors: [125 326 495]
INFO - Velocity error at percentile 80: 185.45473846100245
INFO - 
INFO - Time to model this observation: 218.59586000442505
