INFO - 
INFO - Branch: main
INFO - Hash: 4488b09
INFO - ---------------------------
INFO - Working on: /Users/jaklusmeyer/code/NMSU/SONG/pyodine_testdata/s1_2022-01-04T04-36-11_ext.fits
INFO - 
INFO - Median flux of the observation: 12133
INFO - Loading template from file: /Users/jaklusmeyer/code/NMSU/SONG/pyodine/tutorial_data/temp_results/temp_sigdra_2018-05-16.h5
INFO - 
INFO - Order correction: 0
INFO - 
INFO - Measured velocity rel. to reference spectrum: -36.448 km/s
INFO - Template velocity: 25.136 km/s
INFO - Velocity guess: -61.585 km/s (relative to template)

INFO - (Barycentric velocity of observation: 4.156 km/s)
INFO - (Barycentric velocity of template: 2.026 km/s)

INFO - 
INFO - Barycentric redshift between template and observation: 
INFO - v = -2130.5308, z = -7.1066857859379506e-06

INFO - 
INFO - Total number of chunks: 528
INFO - Nr. chunks in order 0: 22
INFO - First and last covered pixel of chunks in order 0: 33, 2035
INFO - Orders: 18 - 41 (24 in total)
INFO - 
INFO - ----------------------
INFO - RUN 0
INFO - ----------------------
INFO - 
INFO - Constraining parameters for RUN 0
INFO - 
INFO - Number of chunks with no uncertainties: 1
INFO - Number of chunks with outliers: 0
INFO - Number of chunks with nan fitted red. Chi2: 0
INFO - 
INFO - Creating analysis plots...
INFO - 
INFO - ----------------------
INFO - RUN 1
INFO - ----------------------
INFO - 
INFO - Constraining parameters for RUN 1
INFO - 
INFO - Fitted LSF parameters:
INFO - <ParameterSet (values: 10)>
    left_1  =  9.368895351710586
    left_2  =  -8.865841448126202
    left_3  =  4.457634636623871
    left_4  =  -1.5108787462627342
    left_5  =  0.4100653658462697
    right1  =  9.36889537941211
    right2  =  -8.865841460333103
    right3  =  4.457634644406472
    right4  =  -1.5108787480595023
    right5  =  0.41006536628135953
INFO - 
INFO - Number of chunks with no uncertainties: 32
INFO - Number of chunks with outliers: 0
INFO - Number of chunks with nan fitted red. Chi2: 0
INFO - 
INFO - Creating analysis plots...
INFO - Velocity robust mean: -61183.8222180584
INFO - Velocity robust std: 1251.474780034284
INFO - 
INFO - Velocity error robust mean: 486.51588221670045
INFO - Velocity error robust std: 505.3018715987161
INFO - 
INFO - Minimum error: 81.2554768540997 in chunk 322
INFO - Maximum error: 119970.24171871298 in chunk 312
INFO - 
INFO - Chunks with nan velocities: []
INFO - Chunks with nan velocity errors: [  0   7  10  11  74 100 101 104 110 113 132 133 139 142 157 176 183 198
 205 221 235 265 270 286 317 320 327 337 354 408 428 464]
INFO - Velocity error at percentile 80: 1478.0390405075846
INFO - 
INFO - Time to model this observation: 296.43610191345215
INFO - Loading template from file: /Users/jaklusmeyer/code/NMSU/SONG/pyodine/tutorial_data/temp_results/temp_sigdra_2018-05-16.h5
INFO - Total number of created chunks: 528 (in result file: 528)
INFO - Number of created chunks in order 0: 22
INFO - 
INFO - Branch: main
INFO - Hash: 4488b09
INFO - ---------------------------
INFO - Working on: /Users/jaklusmeyer/code/NMSU/SONG/pyodine_testdata/s1_2022-01-04T04-36-11_ext.fits
INFO - 
INFO - Median flux of the observation: 12133
INFO - Loading template from file: /Users/jaklusmeyer/code/NMSU/SONG/pyodine/tutorial_data/temp_results/temp_sigdra_2018-05-16.h5
INFO - 
INFO - Order correction: 0
INFO - 
INFO - Measured velocity rel. to reference spectrum: -36.448 km/s
INFO - Template velocity: 25.136 km/s
INFO - Velocity guess: -61.585 km/s (relative to template)

INFO - (Barycentric velocity of observation: 4.156 km/s)
INFO - (Barycentric velocity of template: 2.026 km/s)

INFO - 
INFO - Barycentric redshift between template and observation: 
INFO - v = -2130.5308, z = -7.1066857859379506e-06

INFO - 
INFO - Total number of chunks: 528
INFO - Nr. chunks in order 0: 22
INFO - First and last covered pixel of chunks in order 0: 33, 2035
INFO - Orders: 18 - 41 (24 in total)
INFO - 
INFO - ----------------------
INFO - RUN 0
INFO - ----------------------
INFO - 
INFO - Constraining parameters for RUN 0
INFO - 
INFO - Number of chunks with no uncertainties: 1
INFO - Number of chunks with outliers: 0
INFO - Number of chunks with nan fitted red. Chi2: 0
INFO - 
INFO - Creating analysis plots...
INFO - 
INFO - ----------------------
INFO - RUN 1
INFO - ----------------------
INFO - 
INFO - Constraining parameters for RUN 1
INFO - 
INFO - Fitted LSF parameters:
INFO - <ParameterSet (values: 10)>
    left_1  =  9.368895351710586
    left_2  =  -8.865841448126202
    left_3  =  4.457634636623871
    left_4  =  -1.5108787462627342
    left_5  =  0.4100653658462697
    right1  =  9.36889537941211
    right2  =  -8.865841460333103
    right3  =  4.457634644406472
    right4  =  -1.5108787480595023
    right5  =  0.41006536628135953
INFO - 
INFO - Number of chunks with no uncertainties: 32
INFO - Number of chunks with outliers: 0
INFO - Number of chunks with nan fitted red. Chi2: 0
INFO - 
INFO - Creating analysis plots...
INFO - Velocity robust mean: -61183.8222180584
INFO - Velocity robust std: 1251.474780034284
INFO - 
INFO - Velocity error robust mean: 486.51588221670045
INFO - Velocity error robust std: 505.3018715987161
INFO - 
INFO - Minimum error: 81.2554768540997 in chunk 322
INFO - Maximum error: 119970.24171871298 in chunk 312
INFO - 
INFO - Chunks with nan velocities: []
INFO - Chunks with nan velocity errors: [  0   7  10  11  74 100 101 104 110 113 132 133 139 142 157 176 183 198
 205 221 235 265 270 286 317 320 327 337 354 408 428 464]
INFO - Velocity error at percentile 80: 1478.0390405075846
INFO - 
INFO - Time to model this observation: 303.30994510650635
INFO - Loading template from file: /Users/jaklusmeyer/code/NMSU/SONG/pyodine/tutorial_data/temp_results/temp_sigdra_2018-05-16.h5
INFO - Total number of created chunks: 528 (in result file: 528)
INFO - Number of created chunks in order 0: 22
INFO - 
INFO - Branch: main
INFO - Hash: 4488b09
INFO - ---------------------------
INFO - Working on: /Users/jaklusmeyer/code/NMSU/SONG/pyodine_testdata/s1_2022-01-04T04-36-11_ext.fits
INFO - 
INFO - Median flux of the observation: 12133
INFO - Loading template from file: /Users/jaklusmeyer/code/NMSU/SONG/pyodine/tutorial_data/temp_results/temp_sigdra_2018-05-16.h5
INFO - 
INFO - Order correction: 0
INFO - 
INFO - Measured velocity rel. to reference spectrum: -36.448 km/s
INFO - Template velocity: 25.136 km/s
INFO - Velocity guess: -61.585 km/s (relative to template)

INFO - (Barycentric velocity of observation: 4.156 km/s)
INFO - (Barycentric velocity of template: 2.026 km/s)

INFO - 
INFO - Barycentric redshift between template and observation: 
INFO - v = -2130.5308, z = -7.1066857859379506e-06

INFO - 
INFO - Total number of chunks: 528
INFO - Nr. chunks in order 0: 22
INFO - First and last covered pixel of chunks in order 0: 33, 2035
INFO - Orders: 18 - 41 (24 in total)
INFO - 
INFO - ----------------------
INFO - RUN 0
INFO - ----------------------
INFO - 
INFO - Constraining parameters for RUN 0
INFO - 
INFO - Number of chunks with no uncertainties: 1
INFO - Number of chunks with outliers: 0
INFO - Number of chunks with nan fitted red. Chi2: 0
INFO - 
INFO - Creating analysis plots...
INFO - 
INFO - ----------------------
INFO - RUN 1
INFO - ----------------------
INFO - 
INFO - Constraining parameters for RUN 1
INFO - 
INFO - Fitted LSF parameters:
INFO - <ParameterSet (values: 10)>
    left_1  =  9.368895351710586
    left_2  =  -8.865841448126202
    left_3  =  4.457634636623871
    left_4  =  -1.5108787462627342
    left_5  =  0.4100653658462697
    right1  =  9.36889537941211
    right2  =  -8.865841460333103
    right3  =  4.457634644406472
    right4  =  -1.5108787480595023
    right5  =  0.41006536628135953
INFO - 
INFO - Number of chunks with no uncertainties: 32
INFO - Number of chunks with outliers: 0
INFO - Number of chunks with nan fitted red. Chi2: 0
INFO - 
INFO - Creating analysis plots...
INFO - Velocity robust mean: -61183.8222180584
INFO - Velocity robust std: 1251.474780034284
INFO - 
INFO - Velocity error robust mean: 486.51588221670045
INFO - Velocity error robust std: 505.3018715987161
INFO - 
INFO - Minimum error: 81.2554768540997 in chunk 322
INFO - Maximum error: 119970.24171871298 in chunk 312
INFO - 
INFO - Chunks with nan velocities: []
INFO - Chunks with nan velocity errors: [  0   7  10  11  74 100 101 104 110 113 132 133 139 142 157 176 183 198
 205 221 235 265 270 286 317 320 327 337 354 408 428 464]
INFO - Velocity error at percentile 80: 1478.0390405075846
INFO - 
INFO - Time to model this observation: 238.92052006721497
INFO - Loading template from file: /Users/jaklusmeyer/code/NMSU/SONG/pyodine/tutorial_data/temp_results/temp_sigdra_2018-05-16.h5
INFO - Total number of created chunks: 528 (in result file: 528)
INFO - Number of created chunks in order 0: 22
INFO - 
INFO - Branch: main
INFO - Hash: 4488b09
INFO - ---------------------------
INFO - Working on: /Users/jaklusmeyer/code/NMSU/SONG/pyodine_testdata/s1_2022-01-04T04-36-11_ext.fits
INFO - 
INFO - Median flux of the observation: 12133
INFO - Loading template from file: /Users/jaklusmeyer/code/NMSU/SONG/pyodine/tutorial_data/temp_results/temp_sigdra_2018-05-16.h5
INFO - 
INFO - Order correction: 0
INFO - 
INFO - Measured velocity rel. to reference spectrum: -36.448 km/s
INFO - Template velocity: 25.136 km/s
INFO - Velocity guess: -61.585 km/s (relative to template)

INFO - (Barycentric velocity of observation: 4.156 km/s)
INFO - (Barycentric velocity of template: 2.026 km/s)

INFO - 
INFO - Barycentric redshift between template and observation: 
INFO - v = -2130.5308, z = -7.1066857859379506e-06

INFO - 
INFO - Total number of chunks: 528
INFO - Nr. chunks in order 0: 22
INFO - First and last covered pixel of chunks in order 0: 33, 2035
INFO - Orders: 18 - 41 (24 in total)
INFO - 
INFO - ----------------------
INFO - RUN 0
INFO - ----------------------
INFO - 
INFO - Constraining parameters for RUN 0
INFO - 
INFO - Number of chunks with no uncertainties: 1
INFO - Number of chunks with outliers: 0
INFO - Number of chunks with nan fitted red. Chi2: 0
INFO - 
INFO - Creating analysis plots...
INFO - 
INFO - ----------------------
INFO - RUN 1
INFO - ----------------------
INFO - 
INFO - Constraining parameters for RUN 1
INFO - 
INFO - Fitted LSF parameters:
INFO - <ParameterSet (values: 10)>
    left_1  =  9.368895351710586
    left_2  =  -8.865841448126202
    left_3  =  4.457634636623871
    left_4  =  -1.5108787462627342
    left_5  =  0.4100653658462697
    right1  =  9.36889537941211
    right2  =  -8.865841460333103
    right3  =  4.457634644406472
    right4  =  -1.5108787480595023
    right5  =  0.41006536628135953
INFO - 
INFO - Number of chunks with no uncertainties: 32
INFO - Number of chunks with outliers: 0
INFO - Number of chunks with nan fitted red. Chi2: 0
INFO - 
INFO - Creating analysis plots...
INFO - Velocity robust mean: -61183.8222180584
INFO - Velocity robust std: 1251.474780034284
INFO - 
INFO - Velocity error robust mean: 486.51588221670045
INFO - Velocity error robust std: 505.3018715987161
INFO - 
INFO - Minimum error: 81.2554768540997 in chunk 322
INFO - Maximum error: 119970.24171871298 in chunk 312
INFO - 
INFO - Chunks with nan velocities: []
INFO - Chunks with nan velocity errors: [  0   7  10  11  74 100 101 104 110 113 132 133 139 142 157 176 183 198
 205 221 235 265 270 286 317 320 327 337 354 408 428 464]
INFO - Velocity error at percentile 80: 1478.0390405075846
INFO - 
INFO - Time to model this observation: 304.755912065506
INFO - Loading template from file: /Users/jaklusmeyer/code/NMSU/SONG/pyodine/tutorial_data/temp_results/temp_sigdra_2018-05-16.h5
INFO - Total number of created chunks: 528 (in result file: 528)
INFO - Number of created chunks in order 0: 22
INFO - 
INFO - Branch: main
INFO - Hash: 4488b09
INFO - ---------------------------
INFO - Working on: /Users/jaklusmeyer/code/NMSU/SONG/pyodine_testdata/s1_2022-01-04T04-36-11_ext.fits
INFO - 
INFO - Median flux of the observation: 12133
INFO - Loading template from file: /Users/jaklusmeyer/code/NMSU/SONG/pyodine/tutorial_data/temp_results/temp_sigdra_2018-05-16.h5
INFO - 
INFO - Order correction: 0
INFO - 
INFO - Measured velocity rel. to reference spectrum: -36.448 km/s
INFO - Template velocity: 25.136 km/s
INFO - Velocity guess: -61.585 km/s (relative to template)

INFO - (Barycentric velocity of observation: 4.156 km/s)
INFO - (Barycentric velocity of template: 2.026 km/s)

INFO - 
INFO - Barycentric redshift between template and observation: 
INFO - v = -2130.5308, z = -7.1066857859379506e-06

INFO - 
INFO - Total number of chunks: 528
INFO - Nr. chunks in order 0: 22
INFO - First and last covered pixel of chunks in order 0: 33, 2035
INFO - Orders: 18 - 41 (24 in total)
INFO - 
INFO - ----------------------
INFO - RUN 0
INFO - ----------------------
INFO - 
INFO - Constraining parameters for RUN 0
INFO - 
INFO - Number of chunks with no uncertainties: 1
INFO - Number of chunks with outliers: 0
INFO - Number of chunks with nan fitted red. Chi2: 0
INFO - 
INFO - Creating analysis plots...
INFO - 
INFO - ----------------------
INFO - RUN 1
INFO - ----------------------
INFO - 
INFO - Constraining parameters for RUN 1
INFO - 
INFO - Fitted LSF parameters:
INFO - <ParameterSet (values: 10)>
    left_1  =  9.368895351710586
    left_2  =  -8.865841448126202
    left_3  =  4.457634636623871
    left_4  =  -1.5108787462627342
    left_5  =  0.4100653658462697
    right1  =  9.36889537941211
    right2  =  -8.865841460333103
    right3  =  4.457634644406472
    right4  =  -1.5108787480595023
    right5  =  0.41006536628135953
INFO - 
INFO - Number of chunks with no uncertainties: 32
INFO - Number of chunks with outliers: 0
INFO - Number of chunks with nan fitted red. Chi2: 0
INFO - 
INFO - Creating analysis plots...
INFO - Velocity robust mean: -61183.8222180584
INFO - Velocity robust std: 1251.474780034284
INFO - 
INFO - Velocity error robust mean: 486.51588221670045
INFO - Velocity error robust std: 505.3018715987161
INFO - 
INFO - Minimum error: 81.2554768540997 in chunk 322
INFO - Maximum error: 119970.24171871298 in chunk 312
INFO - 
INFO - Chunks with nan velocities: []
INFO - Chunks with nan velocity errors: [  0   7  10  11  74 100 101 104 110 113 132 133 139 142 157 176 183 198
 205 221 235 265 270 286 317 320 327 337 354 408 428 464]
INFO - Velocity error at percentile 80: 1478.0390405075846
INFO - 
INFO - Time to model this observation: 287.4955680370331
INFO - Loading template from file: /Users/jaklusmeyer/code/NMSU/SONG/pyodine/tutorial_data/temp_results/temp_sigdra_2018-05-16.h5
INFO - Total number of created chunks: 528 (in result file: 528)
INFO - Number of created chunks in order 0: 22
