INFO - 
INFO - Branch: master
INFO - Hash: c2a71ac
INFO - ---------------------------
INFO - Working on: /Users/jaklusmeyer/code/NMSU/SONG/pyodine/tutorial_data/sigdra_obs_tutorial/s1_2015-05-05T04-21-02_ext.fits
INFO - 
INFO - Median flux of the observation: 13997
INFO - Loading template from file: /Users/jaklusmeyer/code/NMSU/SONG/pyodine/tutorial_data/temp_results/temp_sigdra_2018-05-16.h5
INFO - 
INFO - Order correction: -1
INFO - 
INFO - Measured velocity rel. to reference spectrum: 26.857 km/s
INFO - Template velocity: 25.136 km/s
INFO - Velocity guess: 1.721 km/s (relative to template)

INFO - (Barycentric velocity of observation: 1.104 km/s)
INFO - (Barycentric velocity of template: 2.026 km/s)

INFO - 
INFO - Barycentric redshift between template and observation: 
INFO - v = 921.9732999999999, z = 3.0753718961135434e-06

INFO - 
INFO - Total number of chunks: 528
INFO - Nr. chunks in order 0: 22
INFO - First and last covered pixel of chunks in order 0: 3, 2003
INFO - Orders: 17 - 40 (24 in total)
INFO - 
INFO - ----------------------
INFO - RUN 0
INFO - ----------------------
INFO - 
INFO - Constraining parameters for RUN 0
INFO - 
INFO - Number of chunks with no uncertainties: 0
INFO - Number of chunks with outliers: 0
INFO - Number of chunks with nan fitted red. Chi2: 0
INFO - 
INFO - Creating analysis plots...
INFO - 
INFO - ----------------------
INFO - RUN 1
INFO - ----------------------
INFO - 
INFO - Constraining parameters for RUN 1
INFO - 
INFO - Fitted LSF parameters:
INFO - <ParameterSet (values: 10)>
    left_1  =  8.904989929018855
    left_2  =  -8.924633161134437
    left_3  =  4.375288468250373
    left_4  =  -1.5042444855967592
    left_5  =  0.40758261316364375
    right1  =  8.904989982904596
    right2  =  -8.924633193287832
    right3  =  4.3752884832496735
    right4  =  -1.5042444900782355
    right5  =  0.40758261429102266
INFO - 
INFO - Number of chunks with no uncertainties: 1
INFO - Number of chunks with outliers: 0
INFO - Number of chunks with nan fitted red. Chi2: 0
INFO - 
INFO - Creating analysis plots...
INFO - Velocity robust mean: 979.9995885423648
INFO - Velocity robust std: 221.25892480888328
INFO - 
INFO - Velocity error robust mean: 79.78225867704185
INFO - Velocity error robust std: 72.36998280133986
INFO - 
INFO - Minimum error: 25.920990634811314 in chunk 119
INFO - Maximum error: 4158.449714226616 in chunk 360
INFO - 
INFO - Chunks with nan velocities: []
INFO - Chunks with nan velocity errors: [432]
INFO - Velocity error at percentile 80: 210.42858142548351
INFO - 
INFO - Time to model this observation: 175.9083571434021
INFO - 
INFO - Branch: master
INFO - Hash: c2a71ac
INFO - ---------------------------
INFO - Working on: /Users/jaklusmeyer/code/NMSU/SONG/pyodine/tutorial_data/sigdra_obs_tutorial/s1_2015-05-05T04-21-02_ext.fits
INFO - 
INFO - Median flux of the observation: 13997
INFO - Loading template from file: /Users/jaklusmeyer/code/NMSU/SONG/pyodine/tutorial_data/temp_results/temp_sigdra_2018-05-16.h5
INFO - 
INFO - Order correction: -1
INFO - 
INFO - Measured velocity rel. to reference spectrum: 26.857 km/s
INFO - Template velocity: 25.136 km/s
INFO - Velocity guess: 1.721 km/s (relative to template)

INFO - (Barycentric velocity of observation: 1.104 km/s)
INFO - (Barycentric velocity of template: 2.026 km/s)

INFO - 
INFO - Barycentric redshift between template and observation: 
INFO - v = 921.9732999999999, z = 3.0753718961135434e-06

INFO - 
INFO - Total number of chunks: 528
INFO - Nr. chunks in order 0: 22
INFO - First and last covered pixel of chunks in order 0: 3, 2003
INFO - Orders: 17 - 40 (24 in total)
INFO - 
INFO - ----------------------
INFO - RUN 0
INFO - ----------------------
INFO - 
INFO - Constraining parameters for RUN 0
INFO - 
INFO - Number of chunks with no uncertainties: 0
INFO - Number of chunks with outliers: 0
INFO - Number of chunks with nan fitted red. Chi2: 0
INFO - 
INFO - Creating analysis plots...
INFO - 
INFO - ----------------------
INFO - RUN 1
INFO - ----------------------
INFO - 
INFO - Constraining parameters for RUN 1
INFO - 
INFO - Fitted LSF parameters:
INFO - <ParameterSet (values: 10)>
    left_1  =  8.904989929018855
    left_2  =  -8.924633161134437
    left_3  =  4.375288468250373
    left_4  =  -1.5042444855967592
    left_5  =  0.40758261316364375
    right1  =  8.904989982904596
    right2  =  -8.924633193287832
    right3  =  4.3752884832496735
    right4  =  -1.5042444900782355
    right5  =  0.40758261429102266
INFO - 
INFO - Number of chunks with no uncertainties: 1
INFO - Number of chunks with outliers: 0
INFO - Number of chunks with nan fitted red. Chi2: 0
INFO - 
INFO - Creating analysis plots...
INFO - Velocity robust mean: 979.9995885423648
INFO - Velocity robust std: 221.25892480888328
INFO - 
INFO - Velocity error robust mean: 79.78225867704185
INFO - Velocity error robust std: 72.36998280133986
INFO - 
INFO - Minimum error: 25.920990634811314 in chunk 119
INFO - Maximum error: 4158.449714226616 in chunk 360
INFO - 
INFO - Chunks with nan velocities: []
INFO - Chunks with nan velocity errors: [432]
INFO - Velocity error at percentile 80: 210.42858142548351
INFO - 
INFO - Time to model this observation: 177.9388988018036
INFO - 
INFO - Branch: master
INFO - Hash: c2a71ac
INFO - ---------------------------
INFO - Working on: /Users/jaklusmeyer/code/NMSU/SONG/pyodine/tutorial_data/sigdra_obs_tutorial/s1_2015-05-05T04-21-02_ext.fits
INFO - 
INFO - Median flux of the observation: 13997
INFO - Loading template from file: /Users/jaklusmeyer/code/NMSU/SONG/pyodine/tutorial_data/temp_results/temp_sigdra_2018-05-16.h5
INFO - 
INFO - Order correction: -1
INFO - 
INFO - Measured velocity rel. to reference spectrum: 26.857 km/s
INFO - Template velocity: 25.136 km/s
INFO - Velocity guess: 1.721 km/s (relative to template)

INFO - (Barycentric velocity of observation: 1.104 km/s)
INFO - (Barycentric velocity of template: 2.026 km/s)

INFO - 
INFO - Barycentric redshift between template and observation: 
INFO - v = 921.9732999999999, z = 3.0753718961135434e-06

INFO - 
INFO - Total number of chunks: 528
INFO - Nr. chunks in order 0: 22
INFO - First and last covered pixel of chunks in order 0: 3, 2003
INFO - Orders: 17 - 40 (24 in total)
INFO - 
INFO - ----------------------
INFO - RUN 0
INFO - ----------------------
INFO - 
INFO - Constraining parameters for RUN 0
INFO - 
INFO - Number of chunks with no uncertainties: 0
INFO - Number of chunks with outliers: 0
INFO - Number of chunks with nan fitted red. Chi2: 0
INFO - 
INFO - Creating analysis plots...
INFO - 
INFO - ----------------------
INFO - RUN 1
INFO - ----------------------
INFO - 
INFO - Constraining parameters for RUN 1
INFO - 
INFO - Fitted LSF parameters:
INFO - <ParameterSet (values: 10)>
    left_1  =  8.904989929018855
    left_2  =  -8.924633161134437
    left_3  =  4.375288468250373
    left_4  =  -1.5042444855967592
    left_5  =  0.40758261316364375
    right1  =  8.904989982904596
    right2  =  -8.924633193287832
    right3  =  4.3752884832496735
    right4  =  -1.5042444900782355
    right5  =  0.40758261429102266
INFO - 
INFO - Number of chunks with no uncertainties: 1
INFO - Number of chunks with outliers: 0
INFO - Number of chunks with nan fitted red. Chi2: 0
INFO - 
INFO - Creating analysis plots...
INFO - Velocity robust mean: 979.9995885423648
INFO - Velocity robust std: 221.25892480888328
INFO - 
INFO - Velocity error robust mean: 79.78225867704185
INFO - Velocity error robust std: 72.36998280133986
INFO - 
INFO - Minimum error: 25.920990634811314 in chunk 119
INFO - Maximum error: 4158.449714226616 in chunk 360
INFO - 
INFO - Chunks with nan velocities: []
INFO - Chunks with nan velocity errors: [432]
INFO - Velocity error at percentile 80: 210.42858142548351
INFO - 
INFO - Time to model this observation: 215.95861196517944
